{"/Users/HenryChen/Documents/workspace/QuickSource/app/models/comment.server.model.js":{"path":"/Users/HenryChen/Documents/workspace/QuickSource/app/models/comment.server.model.js","s":{"1":1,"2":1,"3":1},"b":{},"f":{},"fnMap":{},"statementMap":{"1":{"start":{"line":6,"column":0},"end":{"line":7,"column":26}},"2":{"start":{"line":12,"column":0},"end":{"line":30,"column":3}},"3":{"start":{"line":32,"column":0},"end":{"line":32,"column":41}}},"branchMap":{}},"/Users/HenryChen/Documents/workspace/QuickSource/app/models/post.server.model.js":{"path":"/Users/HenryChen/Documents/workspace/QuickSource/app/models/post.server.model.js","s":{"1":1,"2":1,"3":1,"4":1,"5":1},"b":{},"f":{},"fnMap":{},"statementMap":{"1":{"start":{"line":6,"column":0},"end":{"line":8,"column":55}},"2":{"start":{"line":10,"column":0},"end":{"line":10,"column":46}},"3":{"start":{"line":14,"column":0},"end":{"line":73,"column":3}},"4":{"start":{"line":75,"column":0},"end":{"line":75,"column":48}},"5":{"start":{"line":76,"column":0},"end":{"line":76,"column":35}}},"branchMap":{}},"/Users/HenryChen/Documents/workspace/QuickSource/app/models/user.server.model.js":{"path":"/Users/HenryChen/Documents/workspace/QuickSource/app/models/user.server.model.js","s":{"1":1,"2":1,"3":177,"4":1,"5":0,"6":1,"7":44,"8":1,"9":1,"10":43,"11":43,"12":43,"13":43,"14":1,"15":62,"16":62,"17":0,"18":1,"19":19,"20":1,"21":0,"22":0,"23":0,"24":0,"25":0,"26":0,"27":0,"28":0,"29":1},"b":{"1":[177,8,169],"2":[0,0],"3":[44,42,42],"4":[43,0],"5":[43,43],"6":[62,0],"7":[62,62],"8":[0,0],"9":[0,0],"10":[0,0],"11":[0,0]},"f":{"1":177,"2":0,"3":44,"4":43,"5":62,"6":19,"7":0,"8":0},"fnMap":{"1":{"name":"(anonymous_1)","line":13,"loc":{"start":{"line":13,"column":36},"end":{"line":13,"column":55}}},"2":{"name":"(anonymous_2)","line":20,"loc":{"start":{"line":20,"column":45},"end":{"line":20,"column":56}}},"3":{"name":"(anonymous_3)","line":27,"loc":{"start":{"line":27,"column":36},"end":{"line":27,"column":55}}},"4":{"name":"(anonymous_4)","line":132,"loc":{"start":{"line":132,"column":23},"end":{"line":132,"column":38}}},"5":{"name":"(anonymous_5)","line":144,"loc":{"start":{"line":144,"column":34},"end":{"line":144,"column":53}}},"6":{"name":"(anonymous_6)","line":155,"loc":{"start":{"line":155,"column":34},"end":{"line":155,"column":53}}},"7":{"name":"(anonymous_7)","line":162,"loc":{"start":{"line":162,"column":40},"end":{"line":162,"column":77}}},"8":{"name":"(anonymous_8)","line":168,"loc":{"start":{"line":168,"column":4},"end":{"line":168,"column":24}}}},"statementMap":{"1":{"start":{"line":6,"column":0},"end":{"line":8,"column":28}},"2":{"start":{"line":13,"column":0},"end":{"line":15,"column":2}},"3":{"start":{"line":14,"column":1},"end":{"line":14,"column":74}},"4":{"start":{"line":20,"column":0},"end":{"line":22,"column":2}},"5":{"start":{"line":21,"column":4},"end":{"line":21,"column":56}},"6":{"start":{"line":27,"column":0},"end":{"line":29,"column":2}},"7":{"start":{"line":28,"column":1},"end":{"line":28,"column":73}},"8":{"start":{"line":34,"column":0},"end":{"line":127,"column":3}},"9":{"start":{"line":132,"column":0},"end":{"line":139,"column":3}},"10":{"start":{"line":133,"column":1},"end":{"line":136,"column":2}},"11":{"start":{"line":134,"column":2},"end":{"line":134,"column":78}},"12":{"start":{"line":135,"column":2},"end":{"line":135,"column":51}},"13":{"start":{"line":138,"column":1},"end":{"line":138,"column":8}},"14":{"start":{"line":144,"column":0},"end":{"line":150,"column":2}},"15":{"start":{"line":145,"column":1},"end":{"line":149,"column":2}},"16":{"start":{"line":146,"column":2},"end":{"line":146,"column":78}},"17":{"start":{"line":148,"column":2},"end":{"line":148,"column":18}},"18":{"start":{"line":155,"column":0},"end":{"line":157,"column":2}},"19":{"start":{"line":156,"column":1},"end":{"line":156,"column":54}},"20":{"start":{"line":162,"column":0},"end":{"line":179,"column":2}},"21":{"start":{"line":163,"column":1},"end":{"line":163,"column":18}},"22":{"start":{"line":164,"column":1},"end":{"line":164,"column":50}},"23":{"start":{"line":166,"column":1},"end":{"line":178,"column":4}},"24":{"start":{"line":169,"column":2},"end":{"line":177,"column":3}},"25":{"start":{"line":170,"column":3},"end":{"line":174,"column":4}},"26":{"start":{"line":171,"column":4},"end":{"line":171,"column":31}},"27":{"start":{"line":173,"column":4},"end":{"line":173,"column":75}},"28":{"start":{"line":176,"column":3},"end":{"line":176,"column":18}},"29":{"start":{"line":181,"column":0},"end":{"line":181,"column":35}}},"branchMap":{"1":{"line":14,"type":"binary-expr","locations":[{"start":{"line":14,"column":10},"end":{"line":14,"column":35}},{"start":{"line":14,"column":39},"end":{"line":14,"column":52}},{"start":{"line":14,"column":57},"end":{"line":14,"column":72}}]},"2":{"line":21,"type":"binary-expr","locations":[{"start":{"line":21,"column":12},"end":{"line":21,"column":37}},{"start":{"line":21,"column":41},"end":{"line":21,"column":54}}]},"3":{"line":28,"type":"binary-expr","locations":[{"start":{"line":28,"column":9},"end":{"line":28,"column":34}},{"start":{"line":28,"column":39},"end":{"line":28,"column":47}},{"start":{"line":28,"column":51},"end":{"line":28,"column":70}}]},"4":{"line":133,"type":"if","locations":[{"start":{"line":133,"column":1},"end":{"line":133,"column":1}},{"start":{"line":133,"column":1},"end":{"line":133,"column":1}}]},"5":{"line":133,"type":"binary-expr","locations":[{"start":{"line":133,"column":5},"end":{"line":133,"column":18}},{"start":{"line":133,"column":22},"end":{"line":133,"column":46}}]},"6":{"line":145,"type":"if","locations":[{"start":{"line":145,"column":1},"end":{"line":145,"column":1}},{"start":{"line":145,"column":1},"end":{"line":145,"column":1}}]},"7":{"line":145,"type":"binary-expr","locations":[{"start":{"line":145,"column":5},"end":{"line":145,"column":14}},{"start":{"line":145,"column":18},"end":{"line":145,"column":26}}]},"8":{"line":164,"type":"binary-expr","locations":[{"start":{"line":164,"column":36},"end":{"line":164,"column":42}},{"start":{"line":164,"column":46},"end":{"line":164,"column":48}}]},"9":{"line":169,"type":"if","locations":[{"start":{"line":169,"column":2},"end":{"line":169,"column":2}},{"start":{"line":169,"column":2},"end":{"line":169,"column":2}}]},"10":{"line":170,"type":"if","locations":[{"start":{"line":170,"column":3},"end":{"line":170,"column":3}},{"start":{"line":170,"column":3},"end":{"line":170,"column":3}}]},"11":{"line":173,"type":"binary-expr","locations":[{"start":{"line":173,"column":47},"end":{"line":173,"column":53}},{"start":{"line":173,"column":57},"end":{"line":173,"column":58}}]}}},"/Users/HenryChen/Documents/workspace/QuickSource/app/routes/comments.server.routes.js":{"path":"/Users/HenryChen/Documents/workspace/QuickSource/app/routes/comments.server.routes.js","s":{"1":1,"2":1,"3":1,"4":1,"5":1,"6":1},"b":{},"f":{"1":1},"fnMap":{"1":{"name":"(anonymous_1)","line":3,"loc":{"start":{"line":3,"column":17},"end":{"line":3,"column":31}}}},"statementMap":{"1":{"start":{"line":3,"column":0},"end":{"line":19,"column":2}},"2":{"start":{"line":4,"column":1},"end":{"line":4,"column":70}},"3":{"start":{"line":5,"column":1},"end":{"line":5,"column":76}},"4":{"start":{"line":8,"column":1},"end":{"line":10,"column":46}},"5":{"start":{"line":12,"column":1},"end":{"line":15,"column":75}},"6":{"start":{"line":18,"column":1},"end":{"line":18,"column":46}}},"branchMap":{}},"/Users/HenryChen/Documents/workspace/QuickSource/app/controllers/users.server.controller.js":{"path":"/Users/HenryChen/Documents/workspace/QuickSource/app/controllers/users.server.controller.js","s":{"1":1,"2":1},"b":{},"f":{},"fnMap":{},"statementMap":{"1":{"start":{"line":6,"column":0},"end":{"line":6,"column":26}},"2":{"start":{"line":11,"column":0},"end":{"line":16,"column":2}}},"branchMap":{}},"/Users/HenryChen/Documents/workspace/QuickSource/app/controllers/users/users.authentication.server.controller.js":{"path":"/Users/HenryChen/Documents/workspace/QuickSource/app/controllers/users/users.authentication.server.controller.js","s":{"1":1,"2":1,"3":0,"4":0,"5":0,"6":0,"7":0,"8":0,"9":0,"10":0,"11":0,"12":0,"13":0,"14":0,"15":0,"16":1,"17":19,"18":19,"19":0,"20":19,"21":19,"22":19,"23":19,"24":0,"25":19,"26":1,"27":0,"28":0,"29":1,"30":5,"31":0,"32":0,"33":0,"34":0,"35":0,"36":0,"37":0,"38":1,"39":0,"40":0,"41":0,"42":0,"43":0,"44":0,"45":0,"46":0,"47":0,"48":0,"49":0,"50":0,"51":0,"52":0,"53":0,"54":0,"55":0,"56":0,"57":0,"58":0,"59":0,"60":0,"61":0,"62":0,"63":0,"64":0,"65":0,"66":0,"67":1,"68":0,"69":0,"70":0,"71":0,"72":0,"73":0,"74":0,"75":0,"76":0,"77":0,"78":0,"79":0,"80":0},"b":{"1":[0,0],"2":[0,0],"3":[0,19],"4":[19,19],"5":[0,19],"6":[0,0],"7":[0,0],"8":[0,0],"9":[0,0],"10":[0,0],"11":[0,0],"12":[0,0],"13":[0,0],"14":[0,0],"15":[0,0],"16":[0,0,0],"17":[0,0],"18":[0,0],"19":[0,0],"20":[0,0],"21":[0,0],"22":[0,0]},"f":{"1":0,"2":0,"3":0,"4":19,"5":19,"6":19,"7":0,"8":5,"9":0,"10":0,"11":0,"12":0,"13":0,"14":0,"15":0,"16":0,"17":0,"18":0,"19":0},"fnMap":{"1":{"name":"(anonymous_1)","line":15,"loc":{"start":{"line":15,"column":17},"end":{"line":15,"column":36}}},"2":{"name":"(anonymous_2)","line":25,"loc":{"start":{"line":25,"column":11},"end":{"line":25,"column":25}}},"3":{"name":"(anonymous_3)","line":35,"loc":{"start":{"line":35,"column":19},"end":{"line":35,"column":33}}},"4":{"name":"(anonymous_4)","line":49,"loc":{"start":{"line":49,"column":17},"end":{"line":49,"column":42}}},"5":{"name":"(anonymous_5)","line":50,"loc":{"start":{"line":50,"column":32},"end":{"line":50,"column":58}}},"6":{"name":"(anonymous_6)","line":58,"loc":{"start":{"line":58,"column":19},"end":{"line":58,"column":33}}},"7":{"name":"(anonymous_7)","line":72,"loc":{"start":{"line":72,"column":18},"end":{"line":72,"column":37}}},"8":{"name":"(anonymous_8)","line":80,"loc":{"start":{"line":80,"column":24},"end":{"line":80,"column":43}}},"9":{"name":"(anonymous_9)","line":81,"loc":{"start":{"line":81,"column":8},"end":{"line":81,"column":33}}},"10":{"name":"(anonymous_10)","line":82,"loc":{"start":{"line":82,"column":34},"end":{"line":82,"column":67}}},"11":{"name":"(anonymous_11)","line":86,"loc":{"start":{"line":86,"column":19},"end":{"line":86,"column":33}}},"12":{"name":"(anonymous_12)","line":100,"loc":{"start":{"line":100,"column":31},"end":{"line":100,"column":72}}},"13":{"name":"(anonymous_13)","line":120,"loc":{"start":{"line":120,"column":28},"end":{"line":120,"column":48}}},"14":{"name":"(anonymous_14)","line":127,"loc":{"start":{"line":127,"column":53},"end":{"line":127,"column":81}}},"15":{"name":"(anonymous_15)","line":139,"loc":{"start":{"line":139,"column":16},"end":{"line":139,"column":30}}},"16":{"name":"(anonymous_16)","line":162,"loc":{"start":{"line":162,"column":13},"end":{"line":162,"column":27}}},"17":{"name":"(anonymous_17)","line":174,"loc":{"start":{"line":174,"column":30},"end":{"line":174,"column":55}}},"18":{"name":"(anonymous_18)","line":187,"loc":{"start":{"line":187,"column":12},"end":{"line":187,"column":26}}},"19":{"name":"(anonymous_19)","line":193,"loc":{"start":{"line":193,"column":20},"end":{"line":193,"column":34}}}},"statementMap":{"1":{"start":{"line":6,"column":0},"end":{"line":10,"column":31}},"2":{"start":{"line":15,"column":0},"end":{"line":44,"column":2}},"3":{"start":{"line":17,"column":1},"end":{"line":17,"column":31}},"4":{"start":{"line":18,"column":1},"end":{"line":18,"column":20}},"5":{"start":{"line":21,"column":1},"end":{"line":21,"column":25}},"6":{"start":{"line":22,"column":1},"end":{"line":22,"column":57}},"7":{"start":{"line":25,"column":1},"end":{"line":43,"column":4}},"8":{"start":{"line":26,"column":2},"end":{"line":42,"column":3}},"9":{"start":{"line":27,"column":3},"end":{"line":29,"column":6}},"10":{"start":{"line":32,"column":3},"end":{"line":32,"column":29}},"11":{"start":{"line":33,"column":3},"end":{"line":33,"column":25}},"12":{"start":{"line":35,"column":3},"end":{"line":41,"column":6}},"13":{"start":{"line":36,"column":4},"end":{"line":40,"column":5}},"14":{"start":{"line":37,"column":5},"end":{"line":37,"column":31}},"15":{"start":{"line":39,"column":5},"end":{"line":39,"column":20}},"16":{"start":{"line":49,"column":0},"end":{"line":67,"column":2}},"17":{"start":{"line":50,"column":1},"end":{"line":66,"column":20}},"18":{"start":{"line":51,"column":2},"end":{"line":65,"column":3}},"19":{"start":{"line":52,"column":3},"end":{"line":52,"column":30}},"20":{"start":{"line":55,"column":3},"end":{"line":55,"column":29}},"21":{"start":{"line":56,"column":3},"end":{"line":56,"column":25}},"22":{"start":{"line":58,"column":3},"end":{"line":64,"column":6}},"23":{"start":{"line":59,"column":4},"end":{"line":63,"column":5}},"24":{"start":{"line":60,"column":5},"end":{"line":60,"column":31}},"25":{"start":{"line":62,"column":5},"end":{"line":62,"column":20}},"26":{"start":{"line":72,"column":0},"end":{"line":75,"column":2}},"27":{"start":{"line":73,"column":1},"end":{"line":73,"column":14}},"28":{"start":{"line":74,"column":1},"end":{"line":74,"column":19}},"29":{"start":{"line":80,"column":0},"end":{"line":95,"column":2}},"30":{"start":{"line":81,"column":1},"end":{"line":94,"column":3}},"31":{"start":{"line":82,"column":2},"end":{"line":93,"column":21}},"32":{"start":{"line":83,"column":3},"end":{"line":85,"column":4}},"33":{"start":{"line":84,"column":4},"end":{"line":84,"column":38}},"34":{"start":{"line":86,"column":3},"end":{"line":92,"column":6}},"35":{"start":{"line":87,"column":4},"end":{"line":89,"column":5}},"36":{"start":{"line":88,"column":5},"end":{"line":88,"column":39}},"37":{"start":{"line":91,"column":4},"end":{"line":91,"column":44}},"38":{"start":{"line":100,"column":0},"end":{"line":169,"column":2}},"39":{"start":{"line":101,"column":1},"end":{"line":168,"column":2}},"40":{"start":{"line":103,"column":2},"end":{"line":103,"column":104}},"41":{"start":{"line":104,"column":2},"end":{"line":104,"column":158}},"42":{"start":{"line":107,"column":2},"end":{"line":107,"column":35}},"43":{"start":{"line":108,"column":2},"end":{"line":108,"column":66}},"44":{"start":{"line":109,"column":2},"end":{"line":109,"column":141}},"45":{"start":{"line":112,"column":2},"end":{"line":112,"column":41}},"46":{"start":{"line":113,"column":2},"end":{"line":113,"column":153}},"47":{"start":{"line":116,"column":2},"end":{"line":118,"column":4}},"48":{"start":{"line":120,"column":2},"end":{"line":147,"column":5}},"49":{"start":{"line":121,"column":3},"end":{"line":146,"column":4}},"50":{"start":{"line":122,"column":4},"end":{"line":122,"column":21}},"51":{"start":{"line":124,"column":4},"end":{"line":145,"column":5}},"52":{"start":{"line":125,"column":5},"end":{"line":125,"column":137}},"53":{"start":{"line":127,"column":5},"end":{"line":142,"column":8}},"54":{"start":{"line":128,"column":6},"end":{"line":136,"column":9}},"55":{"start":{"line":139,"column":6},"end":{"line":141,"column":9}},"56":{"start":{"line":140,"column":7},"end":{"line":140,"column":30}},"57":{"start":{"line":144,"column":5},"end":{"line":144,"column":28}},"58":{"start":{"line":150,"column":2},"end":{"line":150,"column":22}},"59":{"start":{"line":153,"column":2},"end":{"line":167,"column":3}},"60":{"start":{"line":155,"column":3},"end":{"line":155,"column":72}},"61":{"start":{"line":155,"column":38},"end":{"line":155,"column":72}},"62":{"start":{"line":156,"column":3},"end":{"line":156,"column":97}},"63":{"start":{"line":159,"column":3},"end":{"line":159,"column":48}},"64":{"start":{"line":162,"column":3},"end":{"line":164,"column":6}},"65":{"start":{"line":163,"column":4},"end":{"line":163,"column":52}},"66":{"start":{"line":166,"column":3},"end":{"line":166,"column":81}},"67":{"start":{"line":174,"column":0},"end":{"line":203,"column":2}},"68":{"start":{"line":175,"column":1},"end":{"line":175,"column":21}},"69":{"start":{"line":176,"column":1},"end":{"line":176,"column":38}},"70":{"start":{"line":178,"column":1},"end":{"line":202,"column":2}},"71":{"start":{"line":180,"column":2},"end":{"line":185,"column":3}},"72":{"start":{"line":181,"column":3},"end":{"line":181,"column":49}},"73":{"start":{"line":184,"column":3},"end":{"line":184,"column":48}},"74":{"start":{"line":187,"column":2},"end":{"line":201,"column":5}},"75":{"start":{"line":188,"column":3},"end":{"line":200,"column":4}},"76":{"start":{"line":189,"column":4},"end":{"line":191,"column":7}},"77":{"start":{"line":193,"column":4},"end":{"line":199,"column":7}},"78":{"start":{"line":194,"column":5},"end":{"line":198,"column":6}},"79":{"start":{"line":195,"column":6},"end":{"line":195,"column":32}},"80":{"start":{"line":197,"column":6},"end":{"line":197,"column":21}}},"branchMap":{"1":{"line":26,"type":"if","locations":[{"start":{"line":26,"column":2},"end":{"line":26,"column":2}},{"start":{"line":26,"column":2},"end":{"line":26,"column":2}}]},"2":{"line":36,"type":"if","locations":[{"start":{"line":36,"column":4},"end":{"line":36,"column":4}},{"start":{"line":36,"column":4},"end":{"line":36,"column":4}}]},"3":{"line":51,"type":"if","locations":[{"start":{"line":51,"column":2},"end":{"line":51,"column":2}},{"start":{"line":51,"column":2},"end":{"line":51,"column":2}}]},"4":{"line":51,"type":"binary-expr","locations":[{"start":{"line":51,"column":6},"end":{"line":51,"column":9}},{"start":{"line":51,"column":13},"end":{"line":51,"column":18}}]},"5":{"line":59,"type":"if","locations":[{"start":{"line":59,"column":4},"end":{"line":59,"column":4}},{"start":{"line":59,"column":4},"end":{"line":59,"column":4}}]},"6":{"line":83,"type":"if","locations":[{"start":{"line":83,"column":3},"end":{"line":83,"column":3}},{"start":{"line":83,"column":3},"end":{"line":83,"column":3}}]},"7":{"line":83,"type":"binary-expr","locations":[{"start":{"line":83,"column":7},"end":{"line":83,"column":10}},{"start":{"line":83,"column":14},"end":{"line":83,"column":19}}]},"8":{"line":87,"type":"if","locations":[{"start":{"line":87,"column":4},"end":{"line":87,"column":4}},{"start":{"line":87,"column":4},"end":{"line":87,"column":4}}]},"9":{"line":91,"type":"binary-expr","locations":[{"start":{"line":91,"column":24},"end":{"line":91,"column":35}},{"start":{"line":91,"column":39},"end":{"line":91,"column":42}}]},"10":{"line":101,"type":"if","locations":[{"start":{"line":101,"column":1},"end":{"line":101,"column":1}},{"start":{"line":101,"column":1},"end":{"line":101,"column":1}}]},"11":{"line":121,"type":"if","locations":[{"start":{"line":121,"column":3},"end":{"line":121,"column":3}},{"start":{"line":121,"column":3},"end":{"line":121,"column":3}}]},"12":{"line":124,"type":"if","locations":[{"start":{"line":124,"column":4},"end":{"line":124,"column":4}},{"start":{"line":124,"column":4},"end":{"line":124,"column":4}}]},"13":{"line":125,"type":"binary-expr","locations":[{"start":{"line":125,"column":28},"end":{"line":125,"column":56}},{"start":{"line":125,"column":61},"end":{"line":125,"column":135}}]},"14":{"line":125,"type":"cond-expr","locations":[{"start":{"line":125,"column":91},"end":{"line":125,"column":130}},{"start":{"line":125,"column":133},"end":{"line":125,"column":135}}]},"15":{"line":153,"type":"if","locations":[{"start":{"line":153,"column":2},"end":{"line":153,"column":2}},{"start":{"line":153,"column":2},"end":{"line":153,"column":2}}]},"16":{"line":153,"type":"binary-expr","locations":[{"start":{"line":153,"column":6},"end":{"line":153,"column":52}},{"start":{"line":153,"column":57},"end":{"line":153,"column":86}},{"start":{"line":153,"column":90},"end":{"line":153,"column":149}}]},"17":{"line":155,"type":"if","locations":[{"start":{"line":155,"column":3},"end":{"line":155,"column":3}},{"start":{"line":155,"column":3},"end":{"line":155,"column":3}}]},"18":{"line":178,"type":"if","locations":[{"start":{"line":178,"column":1},"end":{"line":178,"column":1}},{"start":{"line":178,"column":1},"end":{"line":178,"column":1}}]},"19":{"line":178,"type":"binary-expr","locations":[{"start":{"line":178,"column":5},"end":{"line":178,"column":9}},{"start":{"line":178,"column":13},"end":{"line":178,"column":21}}]},"20":{"line":180,"type":"if","locations":[{"start":{"line":180,"column":2},"end":{"line":180,"column":2}},{"start":{"line":180,"column":2},"end":{"line":180,"column":2}}]},"21":{"line":188,"type":"if","locations":[{"start":{"line":188,"column":3},"end":{"line":188,"column":3}},{"start":{"line":188,"column":3},"end":{"line":188,"column":3}}]},"22":{"line":194,"type":"if","locations":[{"start":{"line":194,"column":5},"end":{"line":194,"column":5}},{"start":{"line":194,"column":5},"end":{"line":194,"column":5}}]}}},"/Users/HenryChen/Documents/workspace/QuickSource/app/controllers/errors.server.controller.js":{"path":"/Users/HenryChen/Documents/workspace/QuickSource/app/controllers/errors.server.controller.js","s":{"1":1,"2":0,"3":0,"4":0,"5":0,"6":0,"7":0,"8":1,"9":2,"10":2,"11":0,"12":0,"13":0,"14":0,"15":2,"16":2,"17":2,"18":2},"b":{"1":[0,2],"2":[0,0,0],"3":[2,0]},"f":{"1":0,"2":2},"fnMap":{"1":{"name":"(anonymous_1)","line":6,"loc":{"start":{"line":6,"column":28},"end":{"line":6,"column":42}}},"2":{"name":"(anonymous_2)","line":23,"loc":{"start":{"line":23,"column":26},"end":{"line":23,"column":40}}}},"statementMap":{"1":{"start":{"line":6,"column":0},"end":{"line":18,"column":2}},"2":{"start":{"line":7,"column":1},"end":{"line":7,"column":12}},"3":{"start":{"line":9,"column":1},"end":{"line":15,"column":2}},"4":{"start":{"line":10,"column":2},"end":{"line":10,"column":94}},"5":{"start":{"line":11,"column":2},"end":{"line":11,"column":86}},"6":{"start":{"line":14,"column":2},"end":{"line":14,"column":41}},"7":{"start":{"line":17,"column":1},"end":{"line":17,"column":15}},"8":{"start":{"line":23,"column":0},"end":{"line":42,"column":2}},"9":{"start":{"line":24,"column":1},"end":{"line":24,"column":18}},"10":{"start":{"line":26,"column":1},"end":{"line":39,"column":2}},"11":{"start":{"line":27,"column":2},"end":{"line":34,"column":3}},"12":{"start":{"line":30,"column":4},"end":{"line":30,"column":41}},"13":{"start":{"line":31,"column":4},"end":{"line":31,"column":10}},"14":{"start":{"line":33,"column":4},"end":{"line":33,"column":37}},"15":{"start":{"line":36,"column":2},"end":{"line":38,"column":3}},"16":{"start":{"line":37,"column":3},"end":{"line":37,"column":74}},"17":{"start":{"line":37,"column":36},"end":{"line":37,"column":74}},"18":{"start":{"line":41,"column":1},"end":{"line":41,"column":16}}},"branchMap":{"1":{"line":26,"type":"if","locations":[{"start":{"line":26,"column":1},"end":{"line":26,"column":1}},{"start":{"line":26,"column":1},"end":{"line":26,"column":1}}]},"2":{"line":27,"type":"switch","locations":[{"start":{"line":28,"column":3},"end":{"line":28,"column":14}},{"start":{"line":29,"column":3},"end":{"line":31,"column":10}},{"start":{"line":32,"column":3},"end":{"line":33,"column":37}}]},"3":{"line":37,"type":"if","locations":[{"start":{"line":37,"column":3},"end":{"line":37,"column":3}},{"start":{"line":37,"column":3},"end":{"line":37,"column":3}}]}}},"/Users/HenryChen/Documents/workspace/QuickSource/app/controllers/users/users.authorization.server.controller.js":{"path":"/Users/HenryChen/Documents/workspace/QuickSource/app/controllers/users/users.authorization.server.controller.js","s":{"1":1,"2":1,"3":0,"4":0,"5":0,"6":0,"7":0,"8":0,"9":0,"10":1,"11":33,"12":5,"13":28,"14":1,"15":0,"16":0,"17":0,"18":0,"19":0,"20":0},"b":{"1":[0,0],"2":[0,0],"3":[5,28],"4":[0,0]},"f":{"1":0,"2":0,"3":33,"4":0,"5":0,"6":0},"fnMap":{"1":{"name":"(anonymous_1)","line":13,"loc":{"start":{"line":13,"column":19},"end":{"line":13,"column":48}}},"2":{"name":"(anonymous_2)","line":16,"loc":{"start":{"line":16,"column":9},"end":{"line":16,"column":29}}},"3":{"name":"(anonymous_3)","line":27,"loc":{"start":{"line":27,"column":24},"end":{"line":27,"column":49}}},"4":{"name":"(anonymous_4)","line":40,"loc":{"start":{"line":40,"column":27},"end":{"line":40,"column":43}}},"5":{"name":"(anonymous_5)","line":43,"loc":{"start":{"line":43,"column":8},"end":{"line":43,"column":33}}},"6":{"name":"(anonymous_6)","line":44,"loc":{"start":{"line":44,"column":32},"end":{"line":44,"column":43}}}},"statementMap":{"1":{"start":{"line":6,"column":0},"end":{"line":8,"column":31}},"2":{"start":{"line":13,"column":0},"end":{"line":22,"column":2}},"3":{"start":{"line":14,"column":1},"end":{"line":21,"column":4}},"4":{"start":{"line":17,"column":2},"end":{"line":17,"column":28}},"5":{"start":{"line":17,"column":11},"end":{"line":17,"column":28}},"6":{"start":{"line":18,"column":2},"end":{"line":18,"column":65}},"7":{"start":{"line":18,"column":13},"end":{"line":18,"column":65}},"8":{"start":{"line":19,"column":2},"end":{"line":19,"column":21}},"9":{"start":{"line":20,"column":2},"end":{"line":20,"column":9}},"10":{"start":{"line":27,"column":0},"end":{"line":35,"column":2}},"11":{"start":{"line":28,"column":1},"end":{"line":32,"column":2}},"12":{"start":{"line":29,"column":2},"end":{"line":31,"column":5}},"13":{"start":{"line":34,"column":1},"end":{"line":34,"column":8}},"14":{"start":{"line":40,"column":0},"end":{"line":54,"column":2}},"15":{"start":{"line":41,"column":1},"end":{"line":41,"column":18}},"16":{"start":{"line":43,"column":1},"end":{"line":53,"column":3}},"17":{"start":{"line":44,"column":2},"end":{"line":52,"column":5}},"18":{"start":{"line":45,"column":3},"end":{"line":51,"column":4}},"19":{"start":{"line":46,"column":4},"end":{"line":46,"column":18}},"20":{"start":{"line":48,"column":4},"end":{"line":50,"column":7}}},"branchMap":{"1":{"line":17,"type":"if","locations":[{"start":{"line":17,"column":2},"end":{"line":17,"column":2}},{"start":{"line":17,"column":2},"end":{"line":17,"column":2}}]},"2":{"line":18,"type":"if","locations":[{"start":{"line":18,"column":2},"end":{"line":18,"column":2}},{"start":{"line":18,"column":2},"end":{"line":18,"column":2}}]},"3":{"line":28,"type":"if","locations":[{"start":{"line":28,"column":1},"end":{"line":28,"column":1}},{"start":{"line":28,"column":1},"end":{"line":28,"column":1}}]},"4":{"line":45,"type":"if","locations":[{"start":{"line":45,"column":3},"end":{"line":45,"column":3}},{"start":{"line":45,"column":3},"end":{"line":45,"column":3}}]}}},"/Users/HenryChen/Documents/workspace/QuickSource/app/controllers/users/users.password.server.controller.js":{"path":"/Users/HenryChen/Documents/workspace/QuickSource/app/controllers/users/users.password.server.controller.js","s":{"1":1,"2":1,"3":0,"4":0,"5":0,"6":0,"7":0,"8":0,"9":0,"10":0,"11":0,"12":0,"13":0,"14":0,"15":0,"16":0,"17":0,"18":0,"19":0,"20":0,"21":0,"22":0,"23":0,"24":0,"25":0,"26":0,"27":0,"28":1,"29":0,"30":0,"31":0,"32":0,"33":1,"34":0,"35":0,"36":0,"37":0,"38":0,"39":0,"40":0,"41":0,"42":0,"43":0,"44":0,"45":0,"46":0,"47":0,"48":0,"49":0,"50":0,"51":0,"52":0,"53":0,"54":0,"55":0,"56":0,"57":0,"58":0,"59":0,"60":1,"61":0,"62":0,"63":0,"64":0,"65":0,"66":0,"67":0,"68":0,"69":0,"70":0,"71":0,"72":0,"73":0,"74":0,"75":0,"76":0,"77":0,"78":0,"79":0,"80":0},"b":{"1":[0,0],"2":[0,0],"3":[0,0],"4":[0,0],"5":[0,0],"6":[0,0],"7":[0,0],"8":[0,0],"9":[0,0],"10":[0,0],"11":[0,0],"12":[0,0],"13":[0,0],"14":[0,0],"15":[0,0],"16":[0,0],"17":[0,0],"18":[0,0],"19":[0,0],"20":[0,0]},"f":{"1":0,"2":0,"3":0,"4":0,"5":0,"6":0,"7":0,"8":0,"9":0,"10":0,"11":0,"12":0,"13":0,"14":0,"15":0,"16":0,"17":0,"18":0,"19":0,"20":0,"21":0,"22":0,"23":0,"24":0,"25":0,"26":0,"27":0},"fnMap":{"1":{"name":"(anonymous_1)","line":19,"loc":{"start":{"line":19,"column":17},"end":{"line":19,"column":42}}},"2":{"name":"(anonymous_2)","line":22,"loc":{"start":{"line":22,"column":2},"end":{"line":22,"column":17}}},"3":{"name":"(anonymous_3)","line":23,"loc":{"start":{"line":23,"column":26},"end":{"line":23,"column":48}}},"4":{"name":"(anonymous_4)","line":29,"loc":{"start":{"line":29,"column":2},"end":{"line":29,"column":24}}},"5":{"name":"(anonymous_5)","line":33,"loc":{"start":{"line":33,"column":26},"end":{"line":33,"column":46}}},"6":{"name":"(anonymous_6)","line":46,"loc":{"start":{"line":46,"column":16},"end":{"line":46,"column":30}}},"7":{"name":"(anonymous_7)","line":57,"loc":{"start":{"line":57,"column":2},"end":{"line":57,"column":30}}},"8":{"name":"(anonymous_8)","line":62,"loc":{"start":{"line":62,"column":6},"end":{"line":62,"column":31}}},"9":{"name":"(anonymous_9)","line":67,"loc":{"start":{"line":67,"column":2},"end":{"line":67,"column":34}}},"10":{"name":"(anonymous_10)","line":75,"loc":{"start":{"line":75,"column":39},"end":{"line":75,"column":53}}},"11":{"name":"(anonymous_11)","line":85,"loc":{"start":{"line":85,"column":4},"end":{"line":85,"column":18}}},"12":{"name":"(anonymous_12)","line":93,"loc":{"start":{"line":93,"column":29},"end":{"line":93,"column":48}}},"13":{"name":"(anonymous_13)","line":99,"loc":{"start":{"line":99,"column":4},"end":{"line":99,"column":24}}},"14":{"name":"(anonymous_14)","line":111,"loc":{"start":{"line":111,"column":16},"end":{"line":111,"column":41}}},"15":{"name":"(anonymous_15)","line":117,"loc":{"start":{"line":117,"column":2},"end":{"line":117,"column":17}}},"16":{"name":"(anonymous_16)","line":123,"loc":{"start":{"line":123,"column":6},"end":{"line":123,"column":26}}},"17":{"name":"(anonymous_17)","line":130,"loc":{"start":{"line":130,"column":16},"end":{"line":130,"column":30}}},"18":{"name":"(anonymous_18)","line":136,"loc":{"start":{"line":136,"column":24},"end":{"line":136,"column":38}}},"19":{"name":"(anonymous_19)","line":160,"loc":{"start":{"line":160,"column":2},"end":{"line":160,"column":23}}},"20":{"name":"(anonymous_20)","line":164,"loc":{"start":{"line":164,"column":6},"end":{"line":164,"column":31}}},"21":{"name":"(anonymous_21)","line":169,"loc":{"start":{"line":169,"column":2},"end":{"line":169,"column":34}}},"22":{"name":"(anonymous_22)","line":178,"loc":{"start":{"line":178,"column":39},"end":{"line":178,"column":53}}},"23":{"name":"(anonymous_23)","line":182,"loc":{"start":{"line":182,"column":4},"end":{"line":182,"column":18}}},"24":{"name":"(anonymous_24)","line":190,"loc":{"start":{"line":190,"column":25},"end":{"line":190,"column":44}}},"25":{"name":"(anonymous_25)","line":196,"loc":{"start":{"line":196,"column":30},"end":{"line":196,"column":50}}},"26":{"name":"(anonymous_26)","line":202,"loc":{"start":{"line":202,"column":17},"end":{"line":202,"column":31}}},"27":{"name":"(anonymous_27)","line":208,"loc":{"start":{"line":208,"column":25},"end":{"line":208,"column":39}}}},"statementMap":{"1":{"start":{"line":6,"column":0},"end":{"line":14,"column":28}},"2":{"start":{"line":19,"column":0},"end":{"line":88,"column":2}},"3":{"start":{"line":20,"column":1},"end":{"line":87,"column":4}},"4":{"start":{"line":23,"column":3},"end":{"line":26,"column":6}},"5":{"start":{"line":24,"column":4},"end":{"line":24,"column":39}},"6":{"start":{"line":25,"column":4},"end":{"line":25,"column":21}},"7":{"start":{"line":30,"column":3},"end":{"line":55,"column":4}},"8":{"start":{"line":31,"column":4},"end":{"line":50,"column":7}},"9":{"start":{"line":34,"column":5},"end":{"line":49,"column":6}},"10":{"start":{"line":35,"column":6},"end":{"line":37,"column":9}},"11":{"start":{"line":38,"column":12},"end":{"line":49,"column":6}},"12":{"start":{"line":39,"column":6},"end":{"line":41,"column":9}},"13":{"start":{"line":43,"column":6},"end":{"line":43,"column":38}},"14":{"start":{"line":44,"column":6},"end":{"line":44,"column":55}},"15":{"start":{"line":46,"column":6},"end":{"line":48,"column":9}},"16":{"start":{"line":47,"column":7},"end":{"line":47,"column":30}},"17":{"start":{"line":52,"column":4},"end":{"line":54,"column":7}},"18":{"start":{"line":58,"column":3},"end":{"line":64,"column":6}},"19":{"start":{"line":63,"column":4},"end":{"line":63,"column":31}},"20":{"start":{"line":68,"column":3},"end":{"line":68,"column":73}},"21":{"start":{"line":69,"column":3},"end":{"line":74,"column":5}},"22":{"start":{"line":75,"column":3},"end":{"line":83,"column":6}},"23":{"start":{"line":76,"column":4},"end":{"line":80,"column":5}},"24":{"start":{"line":77,"column":5},"end":{"line":79,"column":8}},"25":{"start":{"line":82,"column":4},"end":{"line":82,"column":14}},"26":{"start":{"line":86,"column":2},"end":{"line":86,"column":28}},"27":{"start":{"line":86,"column":11},"end":{"line":86,"column":28}},"28":{"start":{"line":93,"column":0},"end":{"line":106,"column":2}},"29":{"start":{"line":94,"column":1},"end":{"line":105,"column":4}},"30":{"start":{"line":100,"column":2},"end":{"line":102,"column":3}},"31":{"start":{"line":101,"column":3},"end":{"line":101,"column":53}},"32":{"start":{"line":104,"column":2},"end":{"line":104,"column":57}},"33":{"start":{"line":111,"column":0},"end":{"line":185,"column":2}},"34":{"start":{"line":113,"column":1},"end":{"line":113,"column":32}},"35":{"start":{"line":115,"column":1},"end":{"line":184,"column":4}},"36":{"start":{"line":118,"column":3},"end":{"line":158,"column":6}},"37":{"start":{"line":124,"column":4},"end":{"line":157,"column":5}},"38":{"start":{"line":125,"column":5},"end":{"line":152,"column":6}},"39":{"start":{"line":126,"column":6},"end":{"line":126,"column":50}},"40":{"start":{"line":127,"column":6},"end":{"line":127,"column":42}},"41":{"start":{"line":128,"column":6},"end":{"line":128,"column":44}},"42":{"start":{"line":130,"column":6},"end":{"line":147,"column":9}},"43":{"start":{"line":131,"column":7},"end":{"line":146,"column":8}},"44":{"start":{"line":132,"column":8},"end":{"line":134,"column":11}},"45":{"start":{"line":136,"column":8},"end":{"line":145,"column":11}},"46":{"start":{"line":137,"column":9},"end":{"line":144,"column":10}},"47":{"start":{"line":138,"column":10},"end":{"line":138,"column":36}},"48":{"start":{"line":141,"column":10},"end":{"line":141,"column":25}},"49":{"start":{"line":143,"column":10},"end":{"line":143,"column":26}},"50":{"start":{"line":149,"column":6},"end":{"line":151,"column":9}},"51":{"start":{"line":154,"column":5},"end":{"line":156,"column":8}},"52":{"start":{"line":161,"column":3},"end":{"line":166,"column":6}},"53":{"start":{"line":165,"column":4},"end":{"line":165,"column":31}},"54":{"start":{"line":170,"column":3},"end":{"line":170,"column":73}},"55":{"start":{"line":171,"column":3},"end":{"line":176,"column":5}},"56":{"start":{"line":178,"column":3},"end":{"line":180,"column":6}},"57":{"start":{"line":179,"column":4},"end":{"line":179,"column":22}},"58":{"start":{"line":183,"column":2},"end":{"line":183,"column":28}},"59":{"start":{"line":183,"column":11},"end":{"line":183,"column":28}},"60":{"start":{"line":190,"column":0},"end":{"line":245,"column":2}},"61":{"start":{"line":192,"column":1},"end":{"line":192,"column":32}},"62":{"start":{"line":194,"column":1},"end":{"line":244,"column":2}},"63":{"start":{"line":195,"column":2},"end":{"line":239,"column":3}},"64":{"start":{"line":196,"column":3},"end":{"line":234,"column":6}},"65":{"start":{"line":197,"column":4},"end":{"line":233,"column":5}},"66":{"start":{"line":198,"column":5},"end":{"line":228,"column":6}},"67":{"start":{"line":199,"column":6},"end":{"line":223,"column":7}},"68":{"start":{"line":200,"column":7},"end":{"line":200,"column":51}},"69":{"start":{"line":202,"column":7},"end":{"line":218,"column":10}},"70":{"start":{"line":203,"column":8},"end":{"line":217,"column":9}},"71":{"start":{"line":204,"column":9},"end":{"line":206,"column":12}},"72":{"start":{"line":208,"column":9},"end":{"line":216,"column":12}},"73":{"start":{"line":209,"column":10},"end":{"line":215,"column":11}},"74":{"start":{"line":210,"column":11},"end":{"line":210,"column":37}},"75":{"start":{"line":212,"column":11},"end":{"line":214,"column":14}},"76":{"start":{"line":220,"column":7},"end":{"line":222,"column":10}},"77":{"start":{"line":225,"column":6},"end":{"line":227,"column":9}},"78":{"start":{"line":230,"column":5},"end":{"line":232,"column":8}},"79":{"start":{"line":236,"column":3},"end":{"line":238,"column":6}},"80":{"start":{"line":241,"column":2},"end":{"line":243,"column":5}}},"branchMap":{"1":{"line":30,"type":"if","locations":[{"start":{"line":30,"column":3},"end":{"line":30,"column":3}},{"start":{"line":30,"column":3},"end":{"line":30,"column":3}}]},"2":{"line":34,"type":"if","locations":[{"start":{"line":34,"column":5},"end":{"line":34,"column":5}},{"start":{"line":34,"column":5},"end":{"line":34,"column":5}}]},"3":{"line":38,"type":"if","locations":[{"start":{"line":38,"column":12},"end":{"line":38,"column":12}},{"start":{"line":38,"column":12},"end":{"line":38,"column":12}}]},"4":{"line":76,"type":"if","locations":[{"start":{"line":76,"column":4},"end":{"line":76,"column":4}},{"start":{"line":76,"column":4},"end":{"line":76,"column":4}}]},"5":{"line":86,"type":"if","locations":[{"start":{"line":86,"column":2},"end":{"line":86,"column":2}},{"start":{"line":86,"column":2},"end":{"line":86,"column":2}}]},"6":{"line":100,"type":"if","locations":[{"start":{"line":100,"column":2},"end":{"line":100,"column":2}},{"start":{"line":100,"column":2},"end":{"line":100,"column":2}}]},"7":{"line":124,"type":"if","locations":[{"start":{"line":124,"column":4},"end":{"line":124,"column":4}},{"start":{"line":124,"column":4},"end":{"line":124,"column":4}}]},"8":{"line":124,"type":"binary-expr","locations":[{"start":{"line":124,"column":8},"end":{"line":124,"column":12}},{"start":{"line":124,"column":16},"end":{"line":124,"column":20}}]},"9":{"line":125,"type":"if","locations":[{"start":{"line":125,"column":5},"end":{"line":125,"column":5}},{"start":{"line":125,"column":5},"end":{"line":125,"column":5}}]},"10":{"line":131,"type":"if","locations":[{"start":{"line":131,"column":7},"end":{"line":131,"column":7}},{"start":{"line":131,"column":7},"end":{"line":131,"column":7}}]},"11":{"line":137,"type":"if","locations":[{"start":{"line":137,"column":9},"end":{"line":137,"column":9}},{"start":{"line":137,"column":9},"end":{"line":137,"column":9}}]},"12":{"line":183,"type":"if","locations":[{"start":{"line":183,"column":2},"end":{"line":183,"column":2}},{"start":{"line":183,"column":2},"end":{"line":183,"column":2}}]},"13":{"line":194,"type":"if","locations":[{"start":{"line":194,"column":1},"end":{"line":194,"column":1}},{"start":{"line":194,"column":1},"end":{"line":194,"column":1}}]},"14":{"line":195,"type":"if","locations":[{"start":{"line":195,"column":2},"end":{"line":195,"column":2}},{"start":{"line":195,"column":2},"end":{"line":195,"column":2}}]},"15":{"line":197,"type":"if","locations":[{"start":{"line":197,"column":4},"end":{"line":197,"column":4}},{"start":{"line":197,"column":4},"end":{"line":197,"column":4}}]},"16":{"line":197,"type":"binary-expr","locations":[{"start":{"line":197,"column":8},"end":{"line":197,"column":12}},{"start":{"line":197,"column":16},"end":{"line":197,"column":20}}]},"17":{"line":198,"type":"if","locations":[{"start":{"line":198,"column":5},"end":{"line":198,"column":5}},{"start":{"line":198,"column":5},"end":{"line":198,"column":5}}]},"18":{"line":199,"type":"if","locations":[{"start":{"line":199,"column":6},"end":{"line":199,"column":6}},{"start":{"line":199,"column":6},"end":{"line":199,"column":6}}]},"19":{"line":203,"type":"if","locations":[{"start":{"line":203,"column":8},"end":{"line":203,"column":8}},{"start":{"line":203,"column":8},"end":{"line":203,"column":8}}]},"20":{"line":209,"type":"if","locations":[{"start":{"line":209,"column":10},"end":{"line":209,"column":10}},{"start":{"line":209,"column":10},"end":{"line":209,"column":10}}]}}},"/Users/HenryChen/Documents/workspace/QuickSource/app/controllers/users/users.profile.server.controller.js":{"path":"/Users/HenryChen/Documents/workspace/QuickSource/app/controllers/users/users.profile.server.controller.js","s":{"1":1,"2":1,"3":0,"4":0,"5":0,"6":0,"7":0,"8":0,"9":0,"10":0,"11":0,"12":0,"13":0,"14":0,"15":0,"16":0,"17":0,"18":1,"19":0},"b":{"1":[0,0],"2":[0,0],"3":[0,0],"4":[0,0]},"f":{"1":0,"2":0,"3":0,"4":0},"fnMap":{"1":{"name":"(anonymous_1)","line":15,"loc":{"start":{"line":15,"column":17},"end":{"line":15,"column":36}}},"2":{"name":"(anonymous_2)","line":29,"loc":{"start":{"line":29,"column":12},"end":{"line":29,"column":26}}},"3":{"name":"(anonymous_3)","line":35,"loc":{"start":{"line":35,"column":20},"end":{"line":35,"column":34}}},"4":{"name":"(anonymous_4)","line":54,"loc":{"start":{"line":54,"column":13},"end":{"line":54,"column":32}}}},"statementMap":{"1":{"start":{"line":6,"column":0},"end":{"line":10,"column":31}},"2":{"start":{"line":15,"column":0},"end":{"line":49,"column":2}},"3":{"start":{"line":17,"column":1},"end":{"line":17,"column":21}},"4":{"start":{"line":18,"column":1},"end":{"line":18,"column":20}},"5":{"start":{"line":21,"column":1},"end":{"line":21,"column":23}},"6":{"start":{"line":23,"column":1},"end":{"line":48,"column":2}},"7":{"start":{"line":25,"column":2},"end":{"line":25,"column":34}},"8":{"start":{"line":26,"column":2},"end":{"line":26,"column":28}},"9":{"start":{"line":27,"column":2},"end":{"line":27,"column":58}},"10":{"start":{"line":29,"column":2},"end":{"line":43,"column":5}},"11":{"start":{"line":30,"column":3},"end":{"line":42,"column":4}},"12":{"start":{"line":31,"column":4},"end":{"line":33,"column":7}},"13":{"start":{"line":35,"column":4},"end":{"line":41,"column":7}},"14":{"start":{"line":36,"column":5},"end":{"line":40,"column":6}},"15":{"start":{"line":37,"column":6},"end":{"line":37,"column":32}},"16":{"start":{"line":39,"column":6},"end":{"line":39,"column":21}},"17":{"start":{"line":45,"column":2},"end":{"line":47,"column":5}},"18":{"start":{"line":54,"column":0},"end":{"line":56,"column":2}},"19":{"start":{"line":55,"column":1},"end":{"line":55,"column":28}}},"branchMap":{"1":{"line":23,"type":"if","locations":[{"start":{"line":23,"column":1},"end":{"line":23,"column":1}},{"start":{"line":23,"column":1},"end":{"line":23,"column":1}}]},"2":{"line":30,"type":"if","locations":[{"start":{"line":30,"column":3},"end":{"line":30,"column":3}},{"start":{"line":30,"column":3},"end":{"line":30,"column":3}}]},"3":{"line":36,"type":"if","locations":[{"start":{"line":36,"column":5},"end":{"line":36,"column":5}},{"start":{"line":36,"column":5},"end":{"line":36,"column":5}}]},"4":{"line":55,"type":"binary-expr","locations":[{"start":{"line":55,"column":10},"end":{"line":55,"column":18}},{"start":{"line":55,"column":22},"end":{"line":55,"column":26}}]}}},"/Users/HenryChen/Documents/workspace/QuickSource/app/controllers/comments.server.controller.js":{"path":"/Users/HenryChen/Documents/workspace/QuickSource/app/controllers/comments.server.controller.js","s":{"1":1,"2":1,"3":4,"4":4,"5":4,"6":4,"7":4,"8":1,"9":3,"10":1,"11":1,"12":1,"13":1,"14":1,"15":1,"16":1,"17":0,"18":1,"19":1,"20":1,"21":1,"22":1,"23":0,"24":1,"25":1,"26":2,"27":2,"28":0,"29":2,"30":1,"31":14,"32":14,"33":0,"34":14,"35":0,"36":14,"37":14,"38":1,"39":2,"40":0,"41":2},"b":{"1":[1,3],"2":[0,1],"3":[0,1],"4":[0,2],"5":[0,14],"6":[0,14],"7":[0,2]},"f":{"1":4,"2":4,"3":1,"4":1,"5":1,"6":1,"7":1,"8":2,"9":2,"10":14,"11":14,"12":2},"fnMap":{"1":{"name":"(anonymous_1)","line":14,"loc":{"start":{"line":14,"column":17},"end":{"line":14,"column":36}}},"2":{"name":"(anonymous_2)","line":20,"loc":{"start":{"line":20,"column":17},"end":{"line":20,"column":31}}},"3":{"name":"(anonymous_3)","line":34,"loc":{"start":{"line":34,"column":15},"end":{"line":34,"column":34}}},"4":{"name":"(anonymous_4)","line":41,"loc":{"start":{"line":41,"column":17},"end":{"line":41,"column":36}}},"5":{"name":"(anonymous_5)","line":46,"loc":{"start":{"line":46,"column":14},"end":{"line":46,"column":28}}},"6":{"name":"(anonymous_6)","line":60,"loc":{"start":{"line":60,"column":17},"end":{"line":60,"column":36}}},"7":{"name":"(anonymous_7)","line":63,"loc":{"start":{"line":63,"column":16},"end":{"line":63,"column":30}}},"8":{"name":"(anonymous_8)","line":77,"loc":{"start":{"line":77,"column":15},"end":{"line":77,"column":34}}},"9":{"name":"(anonymous_9)","line":78,"loc":{"start":{"line":78,"column":70},"end":{"line":78,"column":94}}},"10":{"name":"(anonymous_10)","line":92,"loc":{"start":{"line":92,"column":22},"end":{"line":92,"column":51}}},"11":{"name":"(anonymous_11)","line":93,"loc":{"start":{"line":93,"column":59},"end":{"line":93,"column":82}}},"12":{"name":"(anonymous_12)","line":104,"loc":{"start":{"line":104,"column":27},"end":{"line":104,"column":52}}}},"statementMap":{"1":{"start":{"line":6,"column":0},"end":{"line":9,"column":23}},"2":{"start":{"line":14,"column":0},"end":{"line":29,"column":2}},"3":{"start":{"line":15,"column":1},"end":{"line":15,"column":20}},"4":{"start":{"line":16,"column":4},"end":{"line":16,"column":40}},"5":{"start":{"line":17,"column":1},"end":{"line":17,"column":25}},"6":{"start":{"line":20,"column":4},"end":{"line":28,"column":7}},"7":{"start":{"line":21,"column":8},"end":{"line":27,"column":9}},"8":{"start":{"line":22,"column":12},"end":{"line":24,"column":15}},"9":{"start":{"line":26,"column":12},"end":{"line":26,"column":31}},"10":{"start":{"line":34,"column":0},"end":{"line":36,"column":2}},"11":{"start":{"line":35,"column":1},"end":{"line":35,"column":24}},"12":{"start":{"line":41,"column":0},"end":{"line":55,"column":2}},"13":{"start":{"line":42,"column":1},"end":{"line":42,"column":28}},"14":{"start":{"line":44,"column":1},"end":{"line":44,"column":40}},"15":{"start":{"line":46,"column":1},"end":{"line":54,"column":4}},"16":{"start":{"line":47,"column":2},"end":{"line":53,"column":3}},"17":{"start":{"line":48,"column":3},"end":{"line":50,"column":6}},"18":{"start":{"line":52,"column":3},"end":{"line":52,"column":22}},"19":{"start":{"line":60,"column":0},"end":{"line":72,"column":2}},"20":{"start":{"line":61,"column":1},"end":{"line":61,"column":28}},"21":{"start":{"line":63,"column":1},"end":{"line":71,"column":4}},"22":{"start":{"line":64,"column":2},"end":{"line":70,"column":3}},"23":{"start":{"line":65,"column":3},"end":{"line":67,"column":6}},"24":{"start":{"line":69,"column":3},"end":{"line":69,"column":22}},"25":{"start":{"line":77,"column":0},"end":{"line":87,"column":2}},"26":{"start":{"line":78,"column":1},"end":{"line":86,"column":4}},"27":{"start":{"line":79,"column":2},"end":{"line":85,"column":3}},"28":{"start":{"line":80,"column":3},"end":{"line":82,"column":6}},"29":{"start":{"line":84,"column":3},"end":{"line":84,"column":23}},"30":{"start":{"line":92,"column":0},"end":{"line":99,"column":2}},"31":{"start":{"line":93,"column":1},"end":{"line":98,"column":4}},"32":{"start":{"line":94,"column":2},"end":{"line":94,"column":28}},"33":{"start":{"line":94,"column":11},"end":{"line":94,"column":28}},"34":{"start":{"line":95,"column":2},"end":{"line":95,"column":72}},"35":{"start":{"line":95,"column":17},"end":{"line":95,"column":72}},"36":{"start":{"line":96,"column":2},"end":{"line":96,"column":25}},"37":{"start":{"line":97,"column":2},"end":{"line":97,"column":9}},"38":{"start":{"line":104,"column":0},"end":{"line":109,"column":2}},"39":{"start":{"line":105,"column":1},"end":{"line":107,"column":2}},"40":{"start":{"line":106,"column":2},"end":{"line":106,"column":56}},"41":{"start":{"line":108,"column":1},"end":{"line":108,"column":8}}},"branchMap":{"1":{"line":21,"type":"if","locations":[{"start":{"line":21,"column":8},"end":{"line":21,"column":8}},{"start":{"line":21,"column":8},"end":{"line":21,"column":8}}]},"2":{"line":47,"type":"if","locations":[{"start":{"line":47,"column":2},"end":{"line":47,"column":2}},{"start":{"line":47,"column":2},"end":{"line":47,"column":2}}]},"3":{"line":64,"type":"if","locations":[{"start":{"line":64,"column":2},"end":{"line":64,"column":2}},{"start":{"line":64,"column":2},"end":{"line":64,"column":2}}]},"4":{"line":79,"type":"if","locations":[{"start":{"line":79,"column":2},"end":{"line":79,"column":2}},{"start":{"line":79,"column":2},"end":{"line":79,"column":2}}]},"5":{"line":94,"type":"if","locations":[{"start":{"line":94,"column":2},"end":{"line":94,"column":2}},{"start":{"line":94,"column":2},"end":{"line":94,"column":2}}]},"6":{"line":95,"type":"if","locations":[{"start":{"line":95,"column":2},"end":{"line":95,"column":2}},{"start":{"line":95,"column":2},"end":{"line":95,"column":2}}]},"7":{"line":105,"type":"if","locations":[{"start":{"line":105,"column":1},"end":{"line":105,"column":1}},{"start":{"line":105,"column":1},"end":{"line":105,"column":1}}]}}},"/Users/HenryChen/Documents/workspace/QuickSource/app/routes/core.server.routes.js":{"path":"/Users/HenryChen/Documents/workspace/QuickSource/app/routes/core.server.routes.js","s":{"1":1,"2":1,"3":1},"b":{},"f":{"1":1},"fnMap":{"1":{"name":"(anonymous_1)","line":3,"loc":{"start":{"line":3,"column":17},"end":{"line":3,"column":31}}}},"statementMap":{"1":{"start":{"line":3,"column":0},"end":{"line":7,"column":2}},"2":{"start":{"line":5,"column":1},"end":{"line":5,"column":68}},"3":{"start":{"line":6,"column":1},"end":{"line":6,"column":32}}},"branchMap":{}},"/Users/HenryChen/Documents/workspace/QuickSource/app/controllers/core.server.controller.js":{"path":"/Users/HenryChen/Documents/workspace/QuickSource/app/controllers/core.server.controller.js","s":{"1":1,"2":0},"b":{"1":[0,0]},"f":{"1":0},"fnMap":{"1":{"name":"(anonymous_1)","line":6,"loc":{"start":{"line":6,"column":16},"end":{"line":6,"column":35}}}},"statementMap":{"1":{"start":{"line":6,"column":0},"end":{"line":11,"column":2}},"2":{"start":{"line":7,"column":1},"end":{"line":10,"column":4}}},"branchMap":{"1":{"line":8,"type":"binary-expr","locations":[{"start":{"line":8,"column":8},"end":{"line":8,"column":16}},{"start":{"line":8,"column":20},"end":{"line":8,"column":24}}]}}},"/Users/HenryChen/Documents/workspace/QuickSource/app/routes/filehandler.server.routes.js":{"path":"/Users/HenryChen/Documents/workspace/QuickSource/app/routes/filehandler.server.routes.js","s":{"1":1,"2":1,"3":1,"4":1},"b":{},"f":{"1":1},"fnMap":{"1":{"name":"(anonymous_1)","line":3,"loc":{"start":{"line":3,"column":17},"end":{"line":3,"column":31}}}},"statementMap":{"1":{"start":{"line":3,"column":0},"end":{"line":8,"column":2}},"2":{"start":{"line":4,"column":4},"end":{"line":4,"column":85}},"3":{"start":{"line":6,"column":4},"end":{"line":6,"column":75}},"4":{"start":{"line":7,"column":4},"end":{"line":7,"column":81}}},"branchMap":{}},"/Users/HenryChen/Documents/workspace/QuickSource/app/controllers/filehandler.server.controller.js":{"path":"/Users/HenryChen/Documents/workspace/QuickSource/app/controllers/filehandler.server.controller.js","s":{"1":1,"2":1,"3":0,"4":0,"5":0,"6":0,"7":0,"8":0,"9":0,"10":0,"11":0,"12":0,"13":0,"14":0,"15":1,"16":0,"17":0,"18":0,"19":0,"20":0,"21":0,"22":0,"23":0,"24":0,"25":0,"26":0,"27":1,"28":0,"29":1,"30":0,"31":0,"32":0,"33":0},"b":{"1":[0,0],"2":[0,0],"3":[0,0],"4":[0,0]},"f":{"1":0,"2":0,"3":0,"4":0,"5":0,"6":0,"7":0,"8":0},"fnMap":{"1":{"name":"(anonymous_1)","line":15,"loc":{"start":{"line":15,"column":27},"end":{"line":15,"column":46}}},"2":{"name":"(anonymous_2)","line":17,"loc":{"start":{"line":17,"column":26},"end":{"line":17,"column":62}}},"3":{"name":"(anonymous_3)","line":23,"loc":{"start":{"line":23,"column":28},"end":{"line":23,"column":40}}},"4":{"name":"(anonymous_4)","line":34,"loc":{"start":{"line":34,"column":30},"end":{"line":34,"column":49}}},"5":{"name":"(anonymous_5)","line":36,"loc":{"start":{"line":36,"column":26},"end":{"line":36,"column":62}}},"6":{"name":"(anonymous_6)","line":41,"loc":{"start":{"line":41,"column":28},"end":{"line":41,"column":40}}},"7":{"name":"(anonymous_7)","line":52,"loc":{"start":{"line":52,"column":15},"end":{"line":52,"column":34}}},"8":{"name":"(anonymous_8)","line":57,"loc":{"start":{"line":57,"column":20},"end":{"line":57,"column":38}}}},"statementMap":{"1":{"start":{"line":6,"column":0},"end":{"line":10,"column":26}},"2":{"start":{"line":15,"column":0},"end":{"line":29,"column":2}},"3":{"start":{"line":16,"column":4},"end":{"line":16,"column":25}},"4":{"start":{"line":17,"column":4},"end":{"line":28,"column":7}},"5":{"start":{"line":18,"column":8},"end":{"line":18,"column":26}},"6":{"start":{"line":19,"column":8},"end":{"line":19,"column":101}},"7":{"start":{"line":20,"column":8},"end":{"line":20,"column":96}},"8":{"start":{"line":21,"column":8},"end":{"line":21,"column":51}},"9":{"start":{"line":22,"column":8},"end":{"line":22,"column":27}},"10":{"start":{"line":23,"column":8},"end":{"line":27,"column":11}},"11":{"start":{"line":24,"column":12},"end":{"line":25,"column":61}},"12":{"start":{"line":24,"column":28},"end":{"line":24,"column":68}},"13":{"start":{"line":25,"column":28},"end":{"line":25,"column":61}},"14":{"start":{"line":26,"column":12},"end":{"line":26,"column":46}},"15":{"start":{"line":34,"column":0},"end":{"line":47,"column":2}},"16":{"start":{"line":35,"column":4},"end":{"line":35,"column":25}},"17":{"start":{"line":36,"column":4},"end":{"line":46,"column":7}},"18":{"start":{"line":37,"column":8},"end":{"line":37,"column":101}},"19":{"start":{"line":38,"column":8},"end":{"line":38,"column":99}},"20":{"start":{"line":39,"column":8},"end":{"line":39,"column":51}},"21":{"start":{"line":40,"column":8},"end":{"line":40,"column":27}},"22":{"start":{"line":41,"column":8},"end":{"line":45,"column":11}},"23":{"start":{"line":42,"column":12},"end":{"line":43,"column":64}},"24":{"start":{"line":42,"column":28},"end":{"line":42,"column":71}},"25":{"start":{"line":43,"column":28},"end":{"line":43,"column":64}},"26":{"start":{"line":44,"column":12},"end":{"line":44,"column":46}},"27":{"start":{"line":52,"column":0},"end":{"line":54,"column":2}},"28":{"start":{"line":53,"column":4},"end":{"line":53,"column":30}},"29":{"start":{"line":57,"column":0},"end":{"line":60,"column":2}},"30":{"start":{"line":58,"column":4},"end":{"line":58,"column":60}},"31":{"start":{"line":58,"column":28},"end":{"line":58,"column":60}},"32":{"start":{"line":59,"column":4},"end":{"line":59,"column":67}},"33":{"start":{"line":59,"column":32},"end":{"line":59,"column":67}}},"branchMap":{"1":{"line":24,"type":"if","locations":[{"start":{"line":24,"column":12},"end":{"line":24,"column":12}},{"start":{"line":24,"column":12},"end":{"line":24,"column":12}}]},"2":{"line":42,"type":"if","locations":[{"start":{"line":42,"column":12},"end":{"line":42,"column":12}},{"start":{"line":42,"column":12},"end":{"line":42,"column":12}}]},"3":{"line":58,"type":"if","locations":[{"start":{"line":58,"column":4},"end":{"line":58,"column":4}},{"start":{"line":58,"column":4},"end":{"line":58,"column":4}}]},"4":{"line":59,"type":"if","locations":[{"start":{"line":59,"column":4},"end":{"line":59,"column":4}},{"start":{"line":59,"column":4},"end":{"line":59,"column":4}}]}}},"/Users/HenryChen/Documents/workspace/QuickSource/app/routes/posts.server.routes.js":{"path":"/Users/HenryChen/Documents/workspace/QuickSource/app/routes/posts.server.routes.js","s":{"1":1,"2":1,"3":1,"4":1,"5":1,"6":1,"7":1,"8":1,"9":1,"10":1,"11":1,"12":1,"13":1},"b":{},"f":{"1":1},"fnMap":{"1":{"name":"(anonymous_1)","line":3,"loc":{"start":{"line":3,"column":17},"end":{"line":3,"column":31}}}},"statementMap":{"1":{"start":{"line":3,"column":0},"end":{"line":34,"column":2}},"2":{"start":{"line":4,"column":1},"end":{"line":4,"column":70}},"3":{"start":{"line":5,"column":1},"end":{"line":5,"column":70}},"4":{"start":{"line":6,"column":4},"end":{"line":6,"column":79}},"5":{"start":{"line":9,"column":1},"end":{"line":11,"column":43}},"6":{"start":{"line":13,"column":1},"end":{"line":15,"column":66}},"7":{"start":{"line":17,"column":4},"end":{"line":18,"column":54}},"8":{"start":{"line":19,"column":4},"end":{"line":20,"column":57}},"9":{"start":{"line":22,"column":4},"end":{"line":23,"column":77}},"10":{"start":{"line":25,"column":4},"end":{"line":26,"column":53}},"11":{"start":{"line":28,"column":4},"end":{"line":29,"column":55}},"12":{"start":{"line":32,"column":1},"end":{"line":32,"column":37}},"13":{"start":{"line":33,"column":4},"end":{"line":33,"column":49}}},"branchMap":{}},"/Users/HenryChen/Documents/workspace/QuickSource/app/controllers/posts.server.controller.js":{"path":"/Users/HenryChen/Documents/workspace/QuickSource/app/controllers/posts.server.controller.js","s":{"1":1,"2":1,"3":10,"4":10,"5":10,"6":10,"7":10,"8":10,"9":1,"10":9,"11":1,"12":4,"13":4,"14":0,"15":4,"16":0,"17":4,"18":4,"19":4,"20":0,"21":4,"22":1,"23":1,"24":1,"25":1,"26":1,"27":1,"28":0,"29":1,"30":1,"31":1,"32":1,"33":1,"34":1,"35":0,"36":1,"37":1,"38":2,"39":2,"40":0,"41":2,"42":1,"43":18,"44":18,"45":0,"46":18,"47":0,"48":18,"49":18,"50":1,"51":2,"52":0,"53":2,"54":1,"55":2,"56":2,"57":2,"58":2,"59":2,"60":2,"61":0,"62":0,"63":2,"64":2,"65":0,"66":2,"67":0,"68":2,"69":2,"70":2,"71":0,"72":2,"73":1,"74":1,"75":1,"76":1,"77":1,"78":1,"79":1,"80":0,"81":0,"82":1,"83":1,"84":0,"85":1,"86":0,"87":1,"88":1,"89":1,"90":0,"91":1,"92":1,"93":4,"94":4,"95":4,"96":4,"97":4,"98":4,"99":0,"100":4,"101":4,"102":4,"103":4,"104":0,"105":0,"106":4,"107":1,"108":3,"109":3,"110":3,"111":1,"112":2,"113":2,"114":2,"115":0,"116":2},"b":{"1":[1,9],"2":[0,4],"3":[4,0],"4":[0,4],"5":[0,4],"6":[4,4],"7":[0,1],"8":[0,1],"9":[0,2],"10":[0,18],"11":[0,18],"12":[0,2],"13":[2,0],"14":[0,2],"15":[0,2],"16":[2,0],"17":[0,2],"18":[0,2],"19":[2,2],"20":[0,1],"21":[0,1],"22":[1,0],"23":[0,1],"24":[0,1],"25":[1,1],"26":[0,4],"27":[0,4],"28":[1,2],"29":[3,1],"30":[0,2]},"f":{"1":10,"2":10,"3":4,"4":4,"5":4,"6":1,"7":1,"8":1,"9":1,"10":2,"11":2,"12":18,"13":18,"14":2,"15":2,"16":2,"17":2,"18":2,"19":1,"20":1,"21":1,"22":1,"23":4,"24":4,"25":4,"26":3,"27":2},"fnMap":{"1":{"name":"(anonymous_1)","line":16,"loc":{"start":{"line":16,"column":17},"end":{"line":16,"column":36}}},"2":{"name":"(anonymous_2)","line":22,"loc":{"start":{"line":22,"column":14},"end":{"line":22,"column":28}}},"3":{"name":"(anonymous_3)","line":36,"loc":{"start":{"line":36,"column":15},"end":{"line":36,"column":34}}},"4":{"name":"(anonymous_4)","line":37,"loc":{"start":{"line":37,"column":37},"end":{"line":37,"column":56}}},"5":{"name":"(anonymous_5)","line":48,"loc":{"start":{"line":48,"column":37},"end":{"line":48,"column":57}}},"6":{"name":"(anonymous_6)","line":63,"loc":{"start":{"line":63,"column":17},"end":{"line":63,"column":36}}},"7":{"name":"(anonymous_7)","line":69,"loc":{"start":{"line":69,"column":11},"end":{"line":69,"column":25}}},"8":{"name":"(anonymous_8)","line":83,"loc":{"start":{"line":83,"column":22},"end":{"line":83,"column":41}}},"9":{"name":"(anonymous_9)","line":87,"loc":{"start":{"line":87,"column":11},"end":{"line":87,"column":25}}},"10":{"name":"(anonymous_10)","line":101,"loc":{"start":{"line":101,"column":15},"end":{"line":101,"column":34}}},"11":{"name":"(anonymous_11)","line":102,"loc":{"start":{"line":102,"column":102},"end":{"line":102,"column":123}}},"12":{"name":"(anonymous_12)","line":116,"loc":{"start":{"line":116,"column":19},"end":{"line":116,"column":48}}},"13":{"name":"(anonymous_13)","line":117,"loc":{"start":{"line":117,"column":56},"end":{"line":117,"column":76}}},"14":{"name":"(anonymous_14)","line":128,"loc":{"start":{"line":128,"column":27},"end":{"line":128,"column":52}}},"15":{"name":"(anonymous_15)","line":138,"loc":{"start":{"line":138,"column":22},"end":{"line":138,"column":40}}},"16":{"name":"(anonymous_16)","line":145,"loc":{"start":{"line":145,"column":18},"end":{"line":145,"column":32}}},"17":{"name":"(anonymous_17)","line":150,"loc":{"start":{"line":150,"column":49},"end":{"line":150,"column":68}}},"18":{"name":"(anonymous_18)","line":161,"loc":{"start":{"line":161,"column":49},"end":{"line":161,"column":69}}},"19":{"name":"(anonymous_19)","line":179,"loc":{"start":{"line":179,"column":25},"end":{"line":179,"column":43}}},"20":{"name":"(anonymous_20)","line":186,"loc":{"start":{"line":186,"column":14},"end":{"line":186,"column":28}}},"21":{"name":"(anonymous_21)","line":191,"loc":{"start":{"line":191,"column":45},"end":{"line":191,"column":64}}},"22":{"name":"(anonymous_22)","line":202,"loc":{"start":{"line":202,"column":45},"end":{"line":202,"column":65}}},"23":{"name":"(anonymous_23)","line":219,"loc":{"start":{"line":219,"column":21},"end":{"line":219,"column":39}}},"24":{"name":"(anonymous_24)","line":225,"loc":{"start":{"line":225,"column":17},"end":{"line":225,"column":30}}},"25":{"name":"(anonymous_25)","line":233,"loc":{"start":{"line":233,"column":22},"end":{"line":233,"column":36}}},"26":{"name":"(anonymous_26)","line":248,"loc":{"start":{"line":248,"column":24},"end":{"line":248,"column":42}}},"27":{"name":"(anonymous_27)","line":259,"loc":{"start":{"line":259,"column":17},"end":{"line":259,"column":31}}}},"statementMap":{"1":{"start":{"line":6,"column":0},"end":{"line":11,"column":23}},"2":{"start":{"line":16,"column":0},"end":{"line":31,"column":2}},"3":{"start":{"line":17,"column":4},"end":{"line":17,"column":34}},"4":{"start":{"line":18,"column":4},"end":{"line":18,"column":25}},"5":{"start":{"line":19,"column":4},"end":{"line":19,"column":30}},"6":{"start":{"line":20,"column":4},"end":{"line":20,"column":23}},"7":{"start":{"line":22,"column":4},"end":{"line":30,"column":7}},"8":{"start":{"line":23,"column":8},"end":{"line":29,"column":9}},"9":{"start":{"line":24,"column":12},"end":{"line":26,"column":15}},"10":{"start":{"line":28,"column":12},"end":{"line":28,"column":28}},"11":{"start":{"line":36,"column":0},"end":{"line":58,"column":2}},"12":{"start":{"line":37,"column":4},"end":{"line":57,"column":7}},"13":{"start":{"line":38,"column":8},"end":{"line":38,"column":86}},"14":{"start":{"line":38,"column":26},"end":{"line":38,"column":84}},"15":{"start":{"line":39,"column":8},"end":{"line":56,"column":9}},"16":{"start":{"line":39,"column":28},"end":{"line":39,"column":85}},"17":{"start":{"line":41,"column":12},"end":{"line":46,"column":14}},"18":{"start":{"line":48,"column":12},"end":{"line":55,"column":15}},"19":{"start":{"line":49,"column":16},"end":{"line":54,"column":17}},"20":{"start":{"line":50,"column":20},"end":{"line":50,"column":75}},"21":{"start":{"line":53,"column":20},"end":{"line":53,"column":36}},"22":{"start":{"line":63,"column":0},"end":{"line":78,"column":2}},"23":{"start":{"line":64,"column":1},"end":{"line":64,"column":21}},"24":{"start":{"line":66,"column":1},"end":{"line":66,"column":34}},"25":{"start":{"line":67,"column":4},"end":{"line":67,"column":30}},"26":{"start":{"line":69,"column":1},"end":{"line":77,"column":4}},"27":{"start":{"line":70,"column":2},"end":{"line":76,"column":3}},"28":{"start":{"line":71,"column":3},"end":{"line":73,"column":6}},"29":{"start":{"line":75,"column":12},"end":{"line":75,"column":28}},"30":{"start":{"line":83,"column":0},"end":{"line":96,"column":2}},"31":{"start":{"line":84,"column":1},"end":{"line":84,"column":21}},"32":{"start":{"line":85,"column":4},"end":{"line":85,"column":71}},"33":{"start":{"line":87,"column":1},"end":{"line":95,"column":4}},"34":{"start":{"line":88,"column":2},"end":{"line":94,"column":3}},"35":{"start":{"line":89,"column":3},"end":{"line":91,"column":6}},"36":{"start":{"line":93,"column":12},"end":{"line":93,"column":28}},"37":{"start":{"line":101,"column":0},"end":{"line":111,"column":2}},"38":{"start":{"line":102,"column":1},"end":{"line":110,"column":4}},"39":{"start":{"line":103,"column":2},"end":{"line":109,"column":3}},"40":{"start":{"line":104,"column":3},"end":{"line":106,"column":6}},"41":{"start":{"line":108,"column":3},"end":{"line":108,"column":20}},"42":{"start":{"line":116,"column":0},"end":{"line":123,"column":2}},"43":{"start":{"line":117,"column":1},"end":{"line":122,"column":4}},"44":{"start":{"line":118,"column":2},"end":{"line":118,"column":28}},"45":{"start":{"line":118,"column":11},"end":{"line":118,"column":28}},"46":{"start":{"line":119,"column":2},"end":{"line":119,"column":66}},"47":{"start":{"line":119,"column":14},"end":{"line":119,"column":66}},"48":{"start":{"line":120,"column":2},"end":{"line":120,"column":19}},"49":{"start":{"line":121,"column":2},"end":{"line":121,"column":9}},"50":{"start":{"line":128,"column":0},"end":{"line":133,"column":2}},"51":{"start":{"line":129,"column":1},"end":{"line":131,"column":2}},"52":{"start":{"line":130,"column":2},"end":{"line":130,"column":56}},"53":{"start":{"line":132,"column":1},"end":{"line":132,"column":8}},"54":{"start":{"line":138,"column":0},"end":{"line":174,"column":2}},"55":{"start":{"line":139,"column":4},"end":{"line":139,"column":24}},"56":{"start":{"line":141,"column":4},"end":{"line":173,"column":5}},"57":{"start":{"line":142,"column":8},"end":{"line":142,"column":44}},"58":{"start":{"line":143,"column":8},"end":{"line":143,"column":34}},"59":{"start":{"line":145,"column":8},"end":{"line":172,"column":11}},"60":{"start":{"line":146,"column":12},"end":{"line":171,"column":13}},"61":{"start":{"line":147,"column":16},"end":{"line":147,"column":33}},"62":{"start":{"line":148,"column":16},"end":{"line":148,"column":92}},"63":{"start":{"line":150,"column":16},"end":{"line":170,"column":19}},"64":{"start":{"line":151,"column":20},"end":{"line":151,"column":98}},"65":{"start":{"line":151,"column":38},"end":{"line":151,"column":96}},"66":{"start":{"line":152,"column":20},"end":{"line":169,"column":21}},"67":{"start":{"line":152,"column":40},"end":{"line":152,"column":97}},"68":{"start":{"line":154,"column":24},"end":{"line":159,"column":26}},"69":{"start":{"line":161,"column":24},"end":{"line":168,"column":27}},"70":{"start":{"line":162,"column":28},"end":{"line":167,"column":29}},"71":{"start":{"line":163,"column":32},"end":{"line":163,"column":87}},"72":{"start":{"line":166,"column":32},"end":{"line":166,"column":48}},"73":{"start":{"line":179,"column":0},"end":{"line":214,"column":2}},"74":{"start":{"line":180,"column":4},"end":{"line":180,"column":24}},"75":{"start":{"line":182,"column":4},"end":{"line":182,"column":55}},"76":{"start":{"line":183,"column":4},"end":{"line":183,"column":42}},"77":{"start":{"line":184,"column":4},"end":{"line":184,"column":30}},"78":{"start":{"line":186,"column":4},"end":{"line":213,"column":7}},"79":{"start":{"line":187,"column":8},"end":{"line":212,"column":9}},"80":{"start":{"line":188,"column":12},"end":{"line":188,"column":29}},"81":{"start":{"line":189,"column":12},"end":{"line":189,"column":88}},"82":{"start":{"line":191,"column":12},"end":{"line":211,"column":15}},"83":{"start":{"line":192,"column":16},"end":{"line":192,"column":94}},"84":{"start":{"line":192,"column":34},"end":{"line":192,"column":92}},"85":{"start":{"line":193,"column":16},"end":{"line":210,"column":17}},"86":{"start":{"line":193,"column":36},"end":{"line":193,"column":93}},"87":{"start":{"line":195,"column":20},"end":{"line":200,"column":22}},"88":{"start":{"line":202,"column":20},"end":{"line":209,"column":23}},"89":{"start":{"line":203,"column":24},"end":{"line":208,"column":25}},"90":{"start":{"line":204,"column":28},"end":{"line":204,"column":83}},"91":{"start":{"line":207,"column":28},"end":{"line":207,"column":44}},"92":{"start":{"line":219,"column":0},"end":{"line":243,"column":2}},"93":{"start":{"line":220,"column":4},"end":{"line":220,"column":24}},"94":{"start":{"line":221,"column":4},"end":{"line":221,"column":40}},"95":{"start":{"line":222,"column":4},"end":{"line":222,"column":23}},"96":{"start":{"line":223,"column":4},"end":{"line":223,"column":28}},"97":{"start":{"line":225,"column":4},"end":{"line":242,"column":7}},"98":{"start":{"line":226,"column":8},"end":{"line":241,"column":9}},"99":{"start":{"line":227,"column":12},"end":{"line":229,"column":15}},"100":{"start":{"line":231,"column":12},"end":{"line":231,"column":40}},"101":{"start":{"line":232,"column":12},"end":{"line":232,"column":38}},"102":{"start":{"line":233,"column":12},"end":{"line":240,"column":15}},"103":{"start":{"line":234,"column":16},"end":{"line":239,"column":17}},"104":{"start":{"line":235,"column":20},"end":{"line":235,"column":37}},"105":{"start":{"line":236,"column":20},"end":{"line":236,"column":96}},"106":{"start":{"line":238,"column":20},"end":{"line":238,"column":39}},"107":{"start":{"line":248,"column":0},"end":{"line":268,"column":2}},"108":{"start":{"line":249,"column":4},"end":{"line":249,"column":24}},"109":{"start":{"line":250,"column":4},"end":{"line":250,"column":30}},"110":{"start":{"line":252,"column":4},"end":{"line":256,"column":5}},"111":{"start":{"line":253,"column":8},"end":{"line":255,"column":11}},"112":{"start":{"line":258,"column":4},"end":{"line":258,"column":77}},"113":{"start":{"line":259,"column":4},"end":{"line":267,"column":7}},"114":{"start":{"line":260,"column":8},"end":{"line":266,"column":9}},"115":{"start":{"line":261,"column":12},"end":{"line":263,"column":15}},"116":{"start":{"line":265,"column":12},"end":{"line":265,"column":31}}},"branchMap":{"1":{"line":23,"type":"if","locations":[{"start":{"line":23,"column":8},"end":{"line":23,"column":8}},{"start":{"line":23,"column":8},"end":{"line":23,"column":8}}]},"2":{"line":38,"type":"if","locations":[{"start":{"line":38,"column":8},"end":{"line":38,"column":8}},{"start":{"line":38,"column":8},"end":{"line":38,"column":8}}]},"3":{"line":38,"type":"binary-expr","locations":[{"start":{"line":38,"column":11},"end":{"line":38,"column":14}},{"start":{"line":38,"column":18},"end":{"line":38,"column":23}}]},"4":{"line":39,"type":"if","locations":[{"start":{"line":39,"column":8},"end":{"line":39,"column":8}},{"start":{"line":39,"column":8},"end":{"line":39,"column":8}}]},"5":{"line":49,"type":"if","locations":[{"start":{"line":49,"column":16},"end":{"line":49,"column":16}},{"start":{"line":49,"column":16},"end":{"line":49,"column":16}}]},"6":{"line":49,"type":"binary-expr","locations":[{"start":{"line":49,"column":20},"end":{"line":49,"column":23}},{"start":{"line":49,"column":27},"end":{"line":49,"column":46}}]},"7":{"line":70,"type":"if","locations":[{"start":{"line":70,"column":2},"end":{"line":70,"column":2}},{"start":{"line":70,"column":2},"end":{"line":70,"column":2}}]},"8":{"line":88,"type":"if","locations":[{"start":{"line":88,"column":2},"end":{"line":88,"column":2}},{"start":{"line":88,"column":2},"end":{"line":88,"column":2}}]},"9":{"line":103,"type":"if","locations":[{"start":{"line":103,"column":2},"end":{"line":103,"column":2}},{"start":{"line":103,"column":2},"end":{"line":103,"column":2}}]},"10":{"line":118,"type":"if","locations":[{"start":{"line":118,"column":2},"end":{"line":118,"column":2}},{"start":{"line":118,"column":2},"end":{"line":118,"column":2}}]},"11":{"line":119,"type":"if","locations":[{"start":{"line":119,"column":2},"end":{"line":119,"column":2}},{"start":{"line":119,"column":2},"end":{"line":119,"column":2}}]},"12":{"line":129,"type":"if","locations":[{"start":{"line":129,"column":1},"end":{"line":129,"column":1}},{"start":{"line":129,"column":1},"end":{"line":129,"column":1}}]},"13":{"line":141,"type":"if","locations":[{"start":{"line":141,"column":4},"end":{"line":141,"column":4}},{"start":{"line":141,"column":4},"end":{"line":141,"column":4}}]},"14":{"line":146,"type":"if","locations":[{"start":{"line":146,"column":12},"end":{"line":146,"column":12}},{"start":{"line":146,"column":12},"end":{"line":146,"column":12}}]},"15":{"line":151,"type":"if","locations":[{"start":{"line":151,"column":20},"end":{"line":151,"column":20}},{"start":{"line":151,"column":20},"end":{"line":151,"column":20}}]},"16":{"line":151,"type":"binary-expr","locations":[{"start":{"line":151,"column":23},"end":{"line":151,"column":26}},{"start":{"line":151,"column":30},"end":{"line":151,"column":35}}]},"17":{"line":152,"type":"if","locations":[{"start":{"line":152,"column":20},"end":{"line":152,"column":20}},{"start":{"line":152,"column":20},"end":{"line":152,"column":20}}]},"18":{"line":162,"type":"if","locations":[{"start":{"line":162,"column":28},"end":{"line":162,"column":28}},{"start":{"line":162,"column":28},"end":{"line":162,"column":28}}]},"19":{"line":162,"type":"binary-expr","locations":[{"start":{"line":162,"column":32},"end":{"line":162,"column":35}},{"start":{"line":162,"column":39},"end":{"line":162,"column":58}}]},"20":{"line":187,"type":"if","locations":[{"start":{"line":187,"column":8},"end":{"line":187,"column":8}},{"start":{"line":187,"column":8},"end":{"line":187,"column":8}}]},"21":{"line":192,"type":"if","locations":[{"start":{"line":192,"column":16},"end":{"line":192,"column":16}},{"start":{"line":192,"column":16},"end":{"line":192,"column":16}}]},"22":{"line":192,"type":"binary-expr","locations":[{"start":{"line":192,"column":19},"end":{"line":192,"column":22}},{"start":{"line":192,"column":26},"end":{"line":192,"column":31}}]},"23":{"line":193,"type":"if","locations":[{"start":{"line":193,"column":16},"end":{"line":193,"column":16}},{"start":{"line":193,"column":16},"end":{"line":193,"column":16}}]},"24":{"line":203,"type":"if","locations":[{"start":{"line":203,"column":24},"end":{"line":203,"column":24}},{"start":{"line":203,"column":24},"end":{"line":203,"column":24}}]},"25":{"line":203,"type":"binary-expr","locations":[{"start":{"line":203,"column":28},"end":{"line":203,"column":31}},{"start":{"line":203,"column":35},"end":{"line":203,"column":54}}]},"26":{"line":226,"type":"if","locations":[{"start":{"line":226,"column":8},"end":{"line":226,"column":8}},{"start":{"line":226,"column":8},"end":{"line":226,"column":8}}]},"27":{"line":234,"type":"if","locations":[{"start":{"line":234,"column":16},"end":{"line":234,"column":16}},{"start":{"line":234,"column":16},"end":{"line":234,"column":16}}]},"28":{"line":252,"type":"if","locations":[{"start":{"line":252,"column":4},"end":{"line":252,"column":4}},{"start":{"line":252,"column":4},"end":{"line":252,"column":4}}]},"29":{"line":252,"type":"binary-expr","locations":[{"start":{"line":252,"column":7},"end":{"line":252,"column":35}},{"start":{"line":252,"column":39},"end":{"line":252,"column":70}}]},"30":{"line":260,"type":"if","locations":[{"start":{"line":260,"column":8},"end":{"line":260,"column":8}},{"start":{"line":260,"column":8},"end":{"line":260,"column":8}}]}}},"/Users/HenryChen/Documents/workspace/QuickSource/app/routes/users.server.routes.js":{"path":"/Users/HenryChen/Documents/workspace/QuickSource/app/routes/users.server.routes.js","s":{"1":1,"2":1,"3":1,"4":1,"5":1,"6":1,"7":1,"8":1,"9":1,"10":1,"11":1,"12":1,"13":1,"14":1,"15":1,"16":1,"17":1,"18":1,"19":1,"20":1,"21":1,"22":1,"23":1,"24":1},"b":{},"f":{"1":1},"fnMap":{"1":{"name":"(anonymous_1)","line":8,"loc":{"start":{"line":8,"column":17},"end":{"line":8,"column":31}}}},"statementMap":{"1":{"start":{"line":6,"column":0},"end":{"line":6,"column":35}},"2":{"start":{"line":8,"column":0},"end":{"line":57,"column":2}},"3":{"start":{"line":10,"column":1},"end":{"line":10,"column":70}},"4":{"start":{"line":13,"column":1},"end":{"line":13,"column":38}},"5":{"start":{"line":14,"column":1},"end":{"line":14,"column":39}},"6":{"start":{"line":15,"column":1},"end":{"line":15,"column":64}},"7":{"start":{"line":18,"column":1},"end":{"line":18,"column":57}},"8":{"start":{"line":19,"column":1},"end":{"line":19,"column":46}},"9":{"start":{"line":20,"column":1},"end":{"line":20,"column":63}},"10":{"start":{"line":21,"column":1},"end":{"line":21,"column":51}},"11":{"start":{"line":24,"column":1},"end":{"line":24,"column":46}},"12":{"start":{"line":25,"column":1},"end":{"line":25,"column":46}},"13":{"start":{"line":26,"column":1},"end":{"line":26,"column":47}},"14":{"start":{"line":29,"column":1},"end":{"line":31,"column":5}},"15":{"start":{"line":32,"column":1},"end":{"line":32,"column":75}},"16":{"start":{"line":35,"column":1},"end":{"line":35,"column":66}},"17":{"start":{"line":36,"column":1},"end":{"line":36,"column":73}},"18":{"start":{"line":39,"column":1},"end":{"line":44,"column":5}},"19":{"start":{"line":45,"column":1},"end":{"line":45,"column":71}},"20":{"start":{"line":48,"column":1},"end":{"line":48,"column":68}},"21":{"start":{"line":49,"column":1},"end":{"line":49,"column":75}},"22":{"start":{"line":52,"column":1},"end":{"line":52,"column":64}},"23":{"start":{"line":53,"column":1},"end":{"line":53,"column":71}},"24":{"start":{"line":56,"column":1},"end":{"line":56,"column":37}}},"branchMap":{}}}