TN:
SF:/Users/HenryChen/Documents/workspace/QuickSource/app/models/comment.server.model.js
FNF:0
FNH:0
DA:6,1
DA:12,1
DA:32,1
LF:3
LH:3
BRF:0
BRH:0
end_of_record
TN:
SF:/Users/HenryChen/Documents/workspace/QuickSource/app/models/post.server.model.js
FNF:0
FNH:0
DA:6,1
DA:10,1
DA:14,1
DA:75,1
DA:76,1
LF:5
LH:5
BRF:0
BRH:0
end_of_record
TN:
SF:/Users/HenryChen/Documents/workspace/QuickSource/app/models/user.server.model.js
FN:13,(anonymous_1)
FN:20,(anonymous_2)
FN:27,(anonymous_3)
FN:132,(anonymous_4)
FN:144,(anonymous_5)
FN:155,(anonymous_6)
FN:162,(anonymous_7)
FN:168,(anonymous_8)
FNF:8
FNH:5
FNDA:177,(anonymous_1)
FNDA:0,(anonymous_2)
FNDA:44,(anonymous_3)
FNDA:43,(anonymous_4)
FNDA:62,(anonymous_5)
FNDA:19,(anonymous_6)
FNDA:0,(anonymous_7)
FNDA:0,(anonymous_8)
DA:6,1
DA:13,1
DA:14,177
DA:20,1
DA:21,0
DA:27,1
DA:28,44
DA:34,1
DA:132,1
DA:133,43
DA:134,43
DA:135,43
DA:138,43
DA:144,1
DA:145,62
DA:146,62
DA:148,0
DA:155,1
DA:156,19
DA:162,1
DA:163,0
DA:164,0
DA:166,0
DA:169,0
DA:170,0
DA:171,0
DA:173,0
DA:176,0
DA:181,1
LF:29
LH:19
BRDA:14,1,0,177
BRDA:14,1,1,8
BRDA:14,1,2,169
BRDA:21,2,0,0
BRDA:21,2,1,0
BRDA:28,3,0,44
BRDA:28,3,1,42
BRDA:28,3,2,42
BRDA:133,4,0,43
BRDA:133,4,1,0
BRDA:133,5,0,43
BRDA:133,5,1,43
BRDA:145,6,0,62
BRDA:145,6,1,0
BRDA:145,7,0,62
BRDA:145,7,1,62
BRDA:164,8,0,0
BRDA:164,8,1,0
BRDA:169,9,0,0
BRDA:169,9,1,0
BRDA:170,10,0,0
BRDA:170,10,1,0
BRDA:173,11,0,0
BRDA:173,11,1,0
BRF:24
BRH:12
end_of_record
TN:
SF:/Users/HenryChen/Documents/workspace/QuickSource/app/routes/comments.server.routes.js
FN:3,(anonymous_1)
FNF:1
FNH:1
FNDA:1,(anonymous_1)
DA:3,1
DA:4,1
DA:5,1
DA:8,1
DA:12,1
DA:18,1
LF:6
LH:6
BRF:0
BRH:0
end_of_record
TN:
SF:/Users/HenryChen/Documents/workspace/QuickSource/app/controllers/users.server.controller.js
FNF:0
FNH:0
DA:6,1
DA:11,1
LF:2
LH:2
BRF:0
BRH:0
end_of_record
TN:
SF:/Users/HenryChen/Documents/workspace/QuickSource/app/controllers/users/users.authentication.server.controller.js
FN:15,(anonymous_1)
FN:25,(anonymous_2)
FN:35,(anonymous_3)
FN:49,(anonymous_4)
FN:50,(anonymous_5)
FN:58,(anonymous_6)
FN:72,(anonymous_7)
FN:80,(anonymous_8)
FN:81,(anonymous_9)
FN:82,(anonymous_10)
FN:86,(anonymous_11)
FN:100,(anonymous_12)
FN:120,(anonymous_13)
FN:127,(anonymous_14)
FN:139,(anonymous_15)
FN:162,(anonymous_16)
FN:174,(anonymous_17)
FN:187,(anonymous_18)
FN:193,(anonymous_19)
FNF:19
FNH:4
FNDA:0,(anonymous_1)
FNDA:0,(anonymous_2)
FNDA:0,(anonymous_3)
FNDA:19,(anonymous_4)
FNDA:19,(anonymous_5)
FNDA:19,(anonymous_6)
FNDA:0,(anonymous_7)
FNDA:5,(anonymous_8)
FNDA:0,(anonymous_9)
FNDA:0,(anonymous_10)
FNDA:0,(anonymous_11)
FNDA:0,(anonymous_12)
FNDA:0,(anonymous_13)
FNDA:0,(anonymous_14)
FNDA:0,(anonymous_15)
FNDA:0,(anonymous_16)
FNDA:0,(anonymous_17)
FNDA:0,(anonymous_18)
FNDA:0,(anonymous_19)
DA:6,1
DA:15,1
DA:17,0
DA:18,0
DA:21,0
DA:22,0
DA:25,0
DA:26,0
DA:27,0
DA:32,0
DA:33,0
DA:35,0
DA:36,0
DA:37,0
DA:39,0
DA:49,1
DA:50,19
DA:51,19
DA:52,0
DA:55,19
DA:56,19
DA:58,19
DA:59,19
DA:60,0
DA:62,19
DA:72,1
DA:73,0
DA:74,0
DA:80,1
DA:81,5
DA:82,0
DA:83,0
DA:84,0
DA:86,0
DA:87,0
DA:88,0
DA:91,0
DA:100,1
DA:101,0
DA:103,0
DA:104,0
DA:107,0
DA:108,0
DA:109,0
DA:112,0
DA:113,0
DA:116,0
DA:120,0
DA:121,0
DA:122,0
DA:124,0
DA:125,0
DA:127,0
DA:128,0
DA:139,0
DA:140,0
DA:144,0
DA:150,0
DA:153,0
DA:155,0
DA:156,0
DA:159,0
DA:162,0
DA:163,0
DA:166,0
DA:174,1
DA:175,0
DA:176,0
DA:178,0
DA:180,0
DA:181,0
DA:184,0
DA:187,0
DA:188,0
DA:189,0
DA:193,0
DA:194,0
DA:195,0
DA:197,0
LF:79
LH:15
BRDA:26,1,0,0
BRDA:26,1,1,0
BRDA:36,2,0,0
BRDA:36,2,1,0
BRDA:51,3,0,0
BRDA:51,3,1,19
BRDA:51,4,0,19
BRDA:51,4,1,19
BRDA:59,5,0,0
BRDA:59,5,1,19
BRDA:83,6,0,0
BRDA:83,6,1,0
BRDA:83,7,0,0
BRDA:83,7,1,0
BRDA:87,8,0,0
BRDA:87,8,1,0
BRDA:91,9,0,0
BRDA:91,9,1,0
BRDA:101,10,0,0
BRDA:101,10,1,0
BRDA:121,11,0,0
BRDA:121,11,1,0
BRDA:124,12,0,0
BRDA:124,12,1,0
BRDA:125,13,0,0
BRDA:125,13,1,0
BRDA:125,14,0,0
BRDA:125,14,1,0
BRDA:153,15,0,0
BRDA:153,15,1,0
BRDA:153,16,0,0
BRDA:153,16,1,0
BRDA:153,16,2,0
BRDA:155,17,0,0
BRDA:155,17,1,0
BRDA:178,18,0,0
BRDA:178,18,1,0
BRDA:178,19,0,0
BRDA:178,19,1,0
BRDA:180,20,0,0
BRDA:180,20,1,0
BRDA:188,21,0,0
BRDA:188,21,1,0
BRDA:194,22,0,0
BRDA:194,22,1,0
BRF:45
BRH:4
end_of_record
TN:
SF:/Users/HenryChen/Documents/workspace/QuickSource/app/controllers/errors.server.controller.js
FN:6,(anonymous_1)
FN:23,(anonymous_2)
FNF:2
FNH:1
FNDA:0,(anonymous_1)
FNDA:2,(anonymous_2)
DA:6,1
DA:7,0
DA:9,0
DA:10,0
DA:11,0
DA:14,0
DA:17,0
DA:23,1
DA:24,2
DA:26,2
DA:27,0
DA:30,0
DA:31,0
DA:33,0
DA:36,2
DA:37,2
DA:41,2
LF:17
LH:7
BRDA:26,1,0,0
BRDA:26,1,1,2
BRDA:27,2,0,0
BRDA:27,2,1,0
BRDA:27,2,2,0
BRDA:37,3,0,2
BRDA:37,3,1,0
BRF:7
BRH:2
end_of_record
TN:
SF:/Users/HenryChen/Documents/workspace/QuickSource/app/controllers/users/users.authorization.server.controller.js
FN:13,(anonymous_1)
FN:16,(anonymous_2)
FN:27,(anonymous_3)
FN:40,(anonymous_4)
FN:43,(anonymous_5)
FN:44,(anonymous_6)
FNF:6
FNH:1
FNDA:0,(anonymous_1)
FNDA:0,(anonymous_2)
FNDA:33,(anonymous_3)
FNDA:0,(anonymous_4)
FNDA:0,(anonymous_5)
FNDA:0,(anonymous_6)
DA:6,1
DA:13,1
DA:14,0
DA:17,0
DA:18,0
DA:19,0
DA:20,0
DA:27,1
DA:28,33
DA:29,5
DA:34,28
DA:40,1
DA:41,0
DA:43,0
DA:44,0
DA:45,0
DA:46,0
DA:48,0
LF:18
LH:7
BRDA:17,1,0,0
BRDA:17,1,1,0
BRDA:18,2,0,0
BRDA:18,2,1,0
BRDA:28,3,0,5
BRDA:28,3,1,28
BRDA:45,4,0,0
BRDA:45,4,1,0
BRF:8
BRH:2
end_of_record
TN:
SF:/Users/HenryChen/Documents/workspace/QuickSource/app/controllers/users/users.password.server.controller.js
FN:19,(anonymous_1)
FN:22,(anonymous_2)
FN:23,(anonymous_3)
FN:29,(anonymous_4)
FN:33,(anonymous_5)
FN:46,(anonymous_6)
FN:57,(anonymous_7)
FN:62,(anonymous_8)
FN:67,(anonymous_9)
FN:75,(anonymous_10)
FN:85,(anonymous_11)
FN:93,(anonymous_12)
FN:99,(anonymous_13)
FN:111,(anonymous_14)
FN:117,(anonymous_15)
FN:123,(anonymous_16)
FN:130,(anonymous_17)
FN:136,(anonymous_18)
FN:160,(anonymous_19)
FN:164,(anonymous_20)
FN:169,(anonymous_21)
FN:178,(anonymous_22)
FN:182,(anonymous_23)
FN:190,(anonymous_24)
FN:196,(anonymous_25)
FN:202,(anonymous_26)
FN:208,(anonymous_27)
FNF:27
FNH:0
FNDA:0,(anonymous_1)
FNDA:0,(anonymous_2)
FNDA:0,(anonymous_3)
FNDA:0,(anonymous_4)
FNDA:0,(anonymous_5)
FNDA:0,(anonymous_6)
FNDA:0,(anonymous_7)
FNDA:0,(anonymous_8)
FNDA:0,(anonymous_9)
FNDA:0,(anonymous_10)
FNDA:0,(anonymous_11)
FNDA:0,(anonymous_12)
FNDA:0,(anonymous_13)
FNDA:0,(anonymous_14)
FNDA:0,(anonymous_15)
FNDA:0,(anonymous_16)
FNDA:0,(anonymous_17)
FNDA:0,(anonymous_18)
FNDA:0,(anonymous_19)
FNDA:0,(anonymous_20)
FNDA:0,(anonymous_21)
FNDA:0,(anonymous_22)
FNDA:0,(anonymous_23)
FNDA:0,(anonymous_24)
FNDA:0,(anonymous_25)
FNDA:0,(anonymous_26)
FNDA:0,(anonymous_27)
DA:6,1
DA:19,1
DA:20,0
DA:23,0
DA:24,0
DA:25,0
DA:30,0
DA:31,0
DA:34,0
DA:35,0
DA:38,0
DA:39,0
DA:43,0
DA:44,0
DA:46,0
DA:47,0
DA:52,0
DA:58,0
DA:63,0
DA:68,0
DA:69,0
DA:75,0
DA:76,0
DA:77,0
DA:82,0
DA:86,0
DA:93,1
DA:94,0
DA:100,0
DA:101,0
DA:104,0
DA:111,1
DA:113,0
DA:115,0
DA:118,0
DA:124,0
DA:125,0
DA:126,0
DA:127,0
DA:128,0
DA:130,0
DA:131,0
DA:132,0
DA:136,0
DA:137,0
DA:138,0
DA:141,0
DA:143,0
DA:149,0
DA:154,0
DA:161,0
DA:165,0
DA:170,0
DA:171,0
DA:178,0
DA:179,0
DA:183,0
DA:190,1
DA:192,0
DA:194,0
DA:195,0
DA:196,0
DA:197,0
DA:198,0
DA:199,0
DA:200,0
DA:202,0
DA:203,0
DA:204,0
DA:208,0
DA:209,0
DA:210,0
DA:212,0
DA:220,0
DA:225,0
DA:230,0
DA:236,0
DA:241,0
LF:78
LH:5
BRDA:30,1,0,0
BRDA:30,1,1,0
BRDA:34,2,0,0
BRDA:34,2,1,0
BRDA:38,3,0,0
BRDA:38,3,1,0
BRDA:76,4,0,0
BRDA:76,4,1,0
BRDA:86,5,0,0
BRDA:86,5,1,0
BRDA:100,6,0,0
BRDA:100,6,1,0
BRDA:124,7,0,0
BRDA:124,7,1,0
BRDA:124,8,0,0
BRDA:124,8,1,0
BRDA:125,9,0,0
BRDA:125,9,1,0
BRDA:131,10,0,0
BRDA:131,10,1,0
BRDA:137,11,0,0
BRDA:137,11,1,0
BRDA:183,12,0,0
BRDA:183,12,1,0
BRDA:194,13,0,0
BRDA:194,13,1,0
BRDA:195,14,0,0
BRDA:195,14,1,0
BRDA:197,15,0,0
BRDA:197,15,1,0
BRDA:197,16,0,0
BRDA:197,16,1,0
BRDA:198,17,0,0
BRDA:198,17,1,0
BRDA:199,18,0,0
BRDA:199,18,1,0
BRDA:203,19,0,0
BRDA:203,19,1,0
BRDA:209,20,0,0
BRDA:209,20,1,0
BRF:40
BRH:0
end_of_record
TN:
SF:/Users/HenryChen/Documents/workspace/QuickSource/app/controllers/users/users.profile.server.controller.js
FN:15,(anonymous_1)
FN:29,(anonymous_2)
FN:35,(anonymous_3)
FN:54,(anonymous_4)
FNF:4
FNH:0
FNDA:0,(anonymous_1)
FNDA:0,(anonymous_2)
FNDA:0,(anonymous_3)
FNDA:0,(anonymous_4)
DA:6,1
DA:15,1
DA:17,0
DA:18,0
DA:21,0
DA:23,0
DA:25,0
DA:26,0
DA:27,0
DA:29,0
DA:30,0
DA:31,0
DA:35,0
DA:36,0
DA:37,0
DA:39,0
DA:45,0
DA:54,1
DA:55,0
LF:19
LH:3
BRDA:23,1,0,0
BRDA:23,1,1,0
BRDA:30,2,0,0
BRDA:30,2,1,0
BRDA:36,3,0,0
BRDA:36,3,1,0
BRDA:55,4,0,0
BRDA:55,4,1,0
BRF:8
BRH:0
end_of_record
TN:
SF:/Users/HenryChen/Documents/workspace/QuickSource/app/controllers/comments.server.controller.js
FN:14,(anonymous_1)
FN:20,(anonymous_2)
FN:34,(anonymous_3)
FN:41,(anonymous_4)
FN:46,(anonymous_5)
FN:60,(anonymous_6)
FN:63,(anonymous_7)
FN:77,(anonymous_8)
FN:78,(anonymous_9)
FN:92,(anonymous_10)
FN:93,(anonymous_11)
FN:104,(anonymous_12)
FNF:12
FNH:12
FNDA:4,(anonymous_1)
FNDA:4,(anonymous_2)
FNDA:1,(anonymous_3)
FNDA:1,(anonymous_4)
FNDA:1,(anonymous_5)
FNDA:1,(anonymous_6)
FNDA:1,(anonymous_7)
FNDA:2,(anonymous_8)
FNDA:2,(anonymous_9)
FNDA:14,(anonymous_10)
FNDA:14,(anonymous_11)
FNDA:2,(anonymous_12)
DA:6,1
DA:14,1
DA:15,4
DA:16,4
DA:17,4
DA:20,4
DA:21,4
DA:22,1
DA:26,3
DA:34,1
DA:35,1
DA:41,1
DA:42,1
DA:44,1
DA:46,1
DA:47,1
DA:48,0
DA:52,1
DA:60,1
DA:61,1
DA:63,1
DA:64,1
DA:65,0
DA:69,1
DA:77,1
DA:78,2
DA:79,2
DA:80,0
DA:84,2
DA:92,1
DA:93,14
DA:94,14
DA:95,14
DA:96,14
DA:97,14
DA:104,1
DA:105,2
DA:106,0
DA:108,2
LF:39
LH:35
BRDA:21,1,0,1
BRDA:21,1,1,3
BRDA:47,2,0,0
BRDA:47,2,1,1
BRDA:64,3,0,0
BRDA:64,3,1,1
BRDA:79,4,0,0
BRDA:79,4,1,2
BRDA:94,5,0,0
BRDA:94,5,1,14
BRDA:95,6,0,0
BRDA:95,6,1,14
BRDA:105,7,0,0
BRDA:105,7,1,2
BRF:14
BRH:8
end_of_record
TN:
SF:/Users/HenryChen/Documents/workspace/QuickSource/app/routes/core.server.routes.js
FN:3,(anonymous_1)
FNF:1
FNH:1
FNDA:1,(anonymous_1)
DA:3,1
DA:5,1
DA:6,1
LF:3
LH:3
BRF:0
BRH:0
end_of_record
TN:
SF:/Users/HenryChen/Documents/workspace/QuickSource/app/controllers/core.server.controller.js
FN:6,(anonymous_1)
FNF:1
FNH:0
FNDA:0,(anonymous_1)
DA:6,1
DA:7,0
LF:2
LH:1
BRDA:8,1,0,0
BRDA:8,1,1,0
BRF:2
BRH:0
end_of_record
TN:
SF:/Users/HenryChen/Documents/workspace/QuickSource/app/routes/filehandler.server.routes.js
FN:3,(anonymous_1)
FNF:1
FNH:1
FNDA:1,(anonymous_1)
DA:3,1
DA:4,1
DA:6,1
DA:7,1
LF:4
LH:4
BRF:0
BRH:0
end_of_record
TN:
SF:/Users/HenryChen/Documents/workspace/QuickSource/app/controllers/filehandler.server.controller.js
FN:15,(anonymous_1)
FN:17,(anonymous_2)
FN:23,(anonymous_3)
FN:34,(anonymous_4)
FN:36,(anonymous_5)
FN:41,(anonymous_6)
FN:52,(anonymous_7)
FN:57,(anonymous_8)
FNF:8
FNH:0
FNDA:0,(anonymous_1)
FNDA:0,(anonymous_2)
FNDA:0,(anonymous_3)
FNDA:0,(anonymous_4)
FNDA:0,(anonymous_5)
FNDA:0,(anonymous_6)
FNDA:0,(anonymous_7)
FNDA:0,(anonymous_8)
DA:6,1
DA:15,1
DA:16,0
DA:17,0
DA:18,0
DA:19,0
DA:20,0
DA:21,0
DA:22,0
DA:23,0
DA:24,0
DA:25,0
DA:26,0
DA:34,1
DA:35,0
DA:36,0
DA:37,0
DA:38,0
DA:39,0
DA:40,0
DA:41,0
DA:42,0
DA:43,0
DA:44,0
DA:52,1
DA:53,0
DA:57,1
DA:58,0
DA:59,0
LF:29
LH:5
BRDA:24,1,0,0
BRDA:24,1,1,0
BRDA:42,2,0,0
BRDA:42,2,1,0
BRDA:58,3,0,0
BRDA:58,3,1,0
BRDA:59,4,0,0
BRDA:59,4,1,0
BRF:8
BRH:0
end_of_record
TN:
SF:/Users/HenryChen/Documents/workspace/QuickSource/app/routes/posts.server.routes.js
FN:3,(anonymous_1)
FNF:1
FNH:1
FNDA:1,(anonymous_1)
DA:3,1
DA:4,1
DA:5,1
DA:6,1
DA:9,1
DA:13,1
DA:17,1
DA:19,1
DA:22,1
DA:25,1
DA:28,1
DA:32,1
DA:33,1
LF:13
LH:13
BRF:0
BRH:0
end_of_record
TN:
SF:/Users/HenryChen/Documents/workspace/QuickSource/app/controllers/posts.server.controller.js
FN:16,(anonymous_1)
FN:22,(anonymous_2)
FN:36,(anonymous_3)
FN:37,(anonymous_4)
FN:48,(anonymous_5)
FN:63,(anonymous_6)
FN:69,(anonymous_7)
FN:83,(anonymous_8)
FN:87,(anonymous_9)
FN:101,(anonymous_10)
FN:102,(anonymous_11)
FN:116,(anonymous_12)
FN:117,(anonymous_13)
FN:128,(anonymous_14)
FN:138,(anonymous_15)
FN:145,(anonymous_16)
FN:150,(anonymous_17)
FN:161,(anonymous_18)
FN:179,(anonymous_19)
FN:186,(anonymous_20)
FN:191,(anonymous_21)
FN:202,(anonymous_22)
FN:219,(anonymous_23)
FN:225,(anonymous_24)
FN:233,(anonymous_25)
FN:248,(anonymous_26)
FN:259,(anonymous_27)
FNF:27
FNH:27
FNDA:10,(anonymous_1)
FNDA:10,(anonymous_2)
FNDA:4,(anonymous_3)
FNDA:4,(anonymous_4)
FNDA:4,(anonymous_5)
FNDA:1,(anonymous_6)
FNDA:1,(anonymous_7)
FNDA:1,(anonymous_8)
FNDA:1,(anonymous_9)
FNDA:2,(anonymous_10)
FNDA:2,(anonymous_11)
FNDA:18,(anonymous_12)
FNDA:18,(anonymous_13)
FNDA:2,(anonymous_14)
FNDA:2,(anonymous_15)
FNDA:2,(anonymous_16)
FNDA:2,(anonymous_17)
FNDA:2,(anonymous_18)
FNDA:1,(anonymous_19)
FNDA:1,(anonymous_20)
FNDA:1,(anonymous_21)
FNDA:1,(anonymous_22)
FNDA:4,(anonymous_23)
FNDA:4,(anonymous_24)
FNDA:4,(anonymous_25)
FNDA:3,(anonymous_26)
FNDA:2,(anonymous_27)
DA:6,1
DA:16,1
DA:17,10
DA:18,10
DA:19,10
DA:20,10
DA:22,10
DA:23,10
DA:24,1
DA:28,9
DA:36,1
DA:37,4
DA:38,4
DA:39,4
DA:41,4
DA:48,4
DA:49,4
DA:50,0
DA:53,4
DA:63,1
DA:64,1
DA:66,1
DA:67,1
DA:69,1
DA:70,1
DA:71,0
DA:75,1
DA:83,1
DA:84,1
DA:85,1
DA:87,1
DA:88,1
DA:89,0
DA:93,1
DA:101,1
DA:102,2
DA:103,2
DA:104,0
DA:108,2
DA:116,1
DA:117,18
DA:118,18
DA:119,18
DA:120,18
DA:121,18
DA:128,1
DA:129,2
DA:130,0
DA:132,2
DA:138,1
DA:139,2
DA:141,2
DA:142,2
DA:143,2
DA:145,2
DA:146,2
DA:147,0
DA:148,0
DA:150,2
DA:151,2
DA:152,2
DA:154,2
DA:161,2
DA:162,2
DA:163,0
DA:166,2
DA:179,1
DA:180,1
DA:182,1
DA:183,1
DA:184,1
DA:186,1
DA:187,1
DA:188,0
DA:189,0
DA:191,1
DA:192,1
DA:193,1
DA:195,1
DA:202,1
DA:203,1
DA:204,0
DA:207,1
DA:219,1
DA:220,4
DA:221,4
DA:222,4
DA:223,4
DA:225,4
DA:226,4
DA:227,0
DA:231,4
DA:232,4
DA:233,4
DA:234,4
DA:235,0
DA:236,0
DA:238,4
DA:248,1
DA:249,3
DA:250,3
DA:252,3
DA:253,1
DA:258,2
DA:259,2
DA:260,2
DA:261,0
DA:265,2
LF:108
LH:93
BRDA:23,1,0,1
BRDA:23,1,1,9
BRDA:38,2,0,0
BRDA:38,2,1,4
BRDA:38,3,0,4
BRDA:38,3,1,0
BRDA:39,4,0,0
BRDA:39,4,1,4
BRDA:49,5,0,0
BRDA:49,5,1,4
BRDA:49,6,0,4
BRDA:49,6,1,4
BRDA:70,7,0,0
BRDA:70,7,1,1
BRDA:88,8,0,0
BRDA:88,8,1,1
BRDA:103,9,0,0
BRDA:103,9,1,2
BRDA:118,10,0,0
BRDA:118,10,1,18
BRDA:119,11,0,0
BRDA:119,11,1,18
BRDA:129,12,0,0
BRDA:129,12,1,2
BRDA:141,13,0,2
BRDA:141,13,1,0
BRDA:146,14,0,0
BRDA:146,14,1,2
BRDA:151,15,0,0
BRDA:151,15,1,2
BRDA:151,16,0,2
BRDA:151,16,1,0
BRDA:152,17,0,0
BRDA:152,17,1,2
BRDA:162,18,0,0
BRDA:162,18,1,2
BRDA:162,19,0,2
BRDA:162,19,1,2
BRDA:187,20,0,0
BRDA:187,20,1,1
BRDA:192,21,0,0
BRDA:192,21,1,1
BRDA:192,22,0,1
BRDA:192,22,1,0
BRDA:193,23,0,0
BRDA:193,23,1,1
BRDA:203,24,0,0
BRDA:203,24,1,1
BRDA:203,25,0,1
BRDA:203,25,1,1
BRDA:226,26,0,0
BRDA:226,26,1,4
BRDA:234,27,0,0
BRDA:234,27,1,4
BRDA:252,28,0,1
BRDA:252,28,1,2
BRDA:252,29,0,3
BRDA:252,29,1,1
BRDA:260,30,0,0
BRDA:260,30,1,2
BRF:60
BRH:36
end_of_record
TN:
SF:/Users/HenryChen/Documents/workspace/QuickSource/app/routes/users.server.routes.js
FN:8,(anonymous_1)
FNF:1
FNH:1
FNDA:1,(anonymous_1)
DA:6,1
DA:8,1
DA:10,1
DA:13,1
DA:14,1
DA:15,1
DA:18,1
DA:19,1
DA:20,1
DA:21,1
DA:24,1
DA:25,1
DA:26,1
DA:29,1
DA:32,1
DA:35,1
DA:36,1
DA:39,1
DA:45,1
DA:48,1
DA:49,1
DA:52,1
DA:53,1
DA:56,1
LF:24
LH:24
BRF:0
BRH:0
end_of_record
